<?xml version="1.0" encoding="UTF-8"?>
<robot generator="Robot 7.4.1 (Python 3.13.13 on win32)" generated="2026-05-09T15:02:57.389325" rpa="false" schemaversion="5">
<suite id="s1" name="Login Auto" source="D:\DoAnTotNghiep_NguyenQuyen_10122312\tests\login_auto.robot">
<test id="s1-t1" name="login Auto Test 2" line="17">
<kw name="Open Browser Suite" owner="base_test" type="SETUP">
<kw name="Init Logger" owner="logger">
<arg>${feature}</arg>
<status status="PASS" start="2026-05-09T15:02:57.607534" elapsed="0.000472"/>
</kw>
<kw name="Open Browser" owner="SeleniumLibrary">
<msg time="2026-05-09T15:02:57.608373" level="INFO">Opening browser 'edge' to base url 'about:blank'.</msg>
<arg>about:blank</arg>
<arg>edge</arg>
<doc>Opens a new browser instance to the optional ``url``.</doc>
<status status="PASS" start="2026-05-09T15:02:57.608196" elapsed="0.860708"/>
</kw>
<kw name="Maximize Browser Window" owner="SeleniumLibrary">
<doc>Maximizes current browser window.</doc>
<status status="PASS" start="2026-05-09T15:02:58.469234" elapsed="0.047457"/>
</kw>
<kw name="Log Info" owner="logger">
<msg time="2026-05-09T15:02:58.518471" level="INFO">================================</msg>
<msg time="2026-05-09T15:02:58.518667" level="INFO">================================</msg>
<arg>================================</arg>
<status status="PASS" start="2026-05-09T15:02:58.517327" elapsed="0.001395"/>
</kw>
<kw name="Log Info" owner="logger">
<msg time="2026-05-09T15:02:58.519097" level="INFO">Browser opened</msg>
<msg time="2026-05-09T15:02:58.519126" level="INFO">Browser opened</msg>
<arg>Browser opened</arg>
<status status="PASS" start="2026-05-09T15:02:58.518900" elapsed="0.000260"/>
</kw>
<kw name="Step Log" owner="allure_helper">
<arg>Browser opened</arg>
<status status="PASS" start="2026-05-09T15:02:58.519257" elapsed="0.000773"/>
</kw>
<arg>Login Feature</arg>
<status status="PASS" start="2026-05-09T15:02:57.606830" elapsed="0.913290"/>
</kw>
<kw name="Open Login Page" owner="login_business">
<kw name="Open Page" owner="common_keywords">
<kw name="Log Info" owner="logger">
<msg time="2026-05-09T15:02:58.521357" level="INFO">[STEP] Opening page: https://ella.vn/</msg>
<msg time="2026-05-09T15:02:58.521395" level="INFO">[STEP] Opening page: https://ella.vn/</msg>
<arg>[STEP]</arg>
<arg>Opening page: ${url}</arg>
<status status="PASS" start="2026-05-09T15:02:58.521100" elapsed="0.000332"/>
</kw>
<kw name="Step Log" owner="allure_helper">
<arg>Opening page: ${url}</arg>
<status status="PASS" start="2026-05-09T15:02:58.521556" elapsed="0.000167"/>
</kw>
<kw name="Go To" owner="SeleniumLibrary">
<msg time="2026-05-09T15:02:58.521935" level="INFO">Opening url 'https://ella.vn/'</msg>
<arg>${url}</arg>
<doc>Navigates the current browser window to the provided ``url``.</doc>
<status status="PASS" start="2026-05-09T15:02:58.521823" elapsed="1.731536"/>
</kw>
<kw name="Wait Until Page Contains Element" owner="SeleniumLibrary">
<arg>//body</arg>
<arg>10s</arg>
<doc>Waits until the element ``locator`` appears on the current page.</doc>
<status status="PASS" start="2026-05-09T15:03:00.253607" elapsed="0.015334"/>
</kw>
<arg>${URL}</arg>
<doc>Open a web page with the specified URL.</doc>
<status status="PASS" start="2026-05-09T15:02:58.520842" elapsed="1.748297"/>
</kw>
<kw name="Click On Element" owner="common_keywords">
<kw name="Log Info" owner="logger">
<msg time="2026-05-09T15:03:00.270237" level="INFO">[STEP] Click element xpath://div[@class='lf']//span[contains(text(),'Đăng nhập')]</msg>
<msg time="2026-05-09T15:03:00.270306" level="INFO">[STEP] Click element xpath://div[@class='lf']//span[contains(text(),'Đăng nhập')]</msg>
<arg>[STEP]</arg>
<arg>Click element ${locator}</arg>
<status status="PASS" start="2026-05-09T15:03:00.269838" elapsed="0.000564"/>
</kw>
<kw name="Step Log" owner="allure_helper">
<arg>Click element ${locator}</arg>
<status status="PASS" start="2026-05-09T15:03:00.270590" elapsed="0.000281"/>
</kw>
<kw name="Wait Until Element Visible Custom" owner="common_keywords">
<kw name="Log Info" owner="logger">
<msg time="2026-05-09T15:03:00.271962" level="INFO">[STEP] Wait until element xpath://div[@class='lf']//span[contains(text(),'Đăng nhập')] is visible with timeout 10s</msg>
<msg time="2026-05-09T15:03:00.272028" level="INFO">[STEP] Wait until element xpath://div[@class='lf']//span[contains(text(),'Đăng nhập')] is visible with timeout 10s</msg>
<arg>[STEP]</arg>
<arg>Wait until element ${locator} is visible with timeout ${timeout}</arg>
<status status="PASS" start="2026-05-09T15:03:00.271588" elapsed="0.000516"/>
</kw>
<kw name="Step Log" owner="allure_helper">
<arg>Wait until element ${locator} is visible with timeout ${timeout}</arg>
<status status="PASS" start="2026-05-09T15:03:00.272294" elapsed="0.000295"/>
</kw>
<kw name="Wait Until Element Is Visible" owner="SeleniumLibrary">
<arg>${locator}</arg>
<arg>${timeout}</arg>
<doc>Waits until the element ``locator`` is visible.</doc>
<status status="PASS" start="2026-05-09T15:03:00.272779" elapsed="0.069992"/>
</kw>
<arg>${locator}</arg>
<arg>10s</arg>
<doc>Wait until the specified element is visible on the page.</doc>
<status status="PASS" start="2026-05-09T15:03:00.271110" elapsed="0.071830"/>
</kw>
<kw name="Click Element" owner="SeleniumLibrary">
<msg time="2026-05-09T15:03:00.343532" level="INFO">Clicking element 'xpath://div[@class='lf']//span[contains(text(),'Đăng nhập')]'.</msg>
<arg>${locator}</arg>
<doc>Click the element identified by ``locator``.</doc>
<status status="PASS" start="2026-05-09T15:03:00.343179" elapsed="0.132528"/>
</kw>
<arg>${LOGIN_URL}</arg>
<doc>Click on a specified element.</doc>
<status status="PASS" start="2026-05-09T15:03:00.269403" elapsed="0.206444"/>
</kw>
<doc>Navigate to the login page</doc>
<status status="PASS" start="2026-05-09T15:02:58.520516" elapsed="1.955420"/>
</kw>
<kw name="Fill Login Form" owner="login_business">
<kw name="Input Text To Element" owner="common_keywords">
<kw name="Log Info" owner="logger">
<msg time="2026-05-09T15:03:00.477435" level="INFO">[STEP] Input text "ngvanhoan@gmail.com" to element css:input[placeholder='Email']</msg>
<msg time="2026-05-09T15:03:00.477485" level="INFO">[STEP] Input text "ngvanhoan@gmail.com" to element css:input[placeholder='Email']</msg>
<arg>[STEP]</arg>
<arg>Input text "${text}" to element ${locator}</arg>
<status status="PASS" start="2026-05-09T15:03:00.477124" elapsed="0.000427"/>
</kw>
<kw name="Step Log" owner="allure_helper">
<arg>Input text "${text}" to element ${locator}</arg>
<status status="PASS" start="2026-05-09T15:03:00.477723" elapsed="0.000283"/>
</kw>
<kw name="Wait Until Element Visible Custom" owner="common_keywords">
<kw name="Log Info" owner="logger">
<msg time="2026-05-09T15:03:00.479028" level="INFO">[STEP] Wait until element css:input[placeholder='Email'] is visible with timeout 10s</msg>
<msg time="2026-05-09T15:03:00.479093" level="INFO">[STEP] Wait until element css:input[placeholder='Email'] is visible with timeout 10s</msg>
<arg>[STEP]</arg>
<arg>Wait until element ${locator} is visible with timeout ${timeout}</arg>
<status status="PASS" start="2026-05-09T15:03:00.478660" elapsed="0.000521"/>
</kw>
<kw name="Step Log" owner="allure_helper">
<arg>Wait until element ${locator} is visible with timeout ${timeout}</arg>
<status status="PASS" start="2026-05-09T15:03:00.479372" elapsed="0.000334"/>
</kw>
<kw name="Wait Until Element Is Visible" owner="SeleniumLibrary">
<arg>${locator}</arg>
<arg>${timeout}</arg>
<doc>Waits until the element ``locator`` is visible.</doc>
<status status="PASS" start="2026-05-09T15:03:00.479991" elapsed="0.879860"/>
</kw>
<arg>${locator}</arg>
<arg>10s</arg>
<doc>Wait until the specified element is visible on the page.</doc>
<status status="PASS" start="2026-05-09T15:03:00.478213" elapsed="0.881846"/>
</kw>
<kw name="Clear Element Text" owner="SeleniumLibrary">
<arg>${locator}</arg>
<doc>Clears the value of the text-input-element identified by ``locator``.</doc>
<status status="PASS" start="2026-05-09T15:03:01.360354" elapsed="0.067032"/>
</kw>
<kw name="Input Text" owner="SeleniumLibrary">
<msg time="2026-05-09T15:03:01.428599" level="INFO">Typing text 'ngvanhoan@gmail.com' into text field 'css:input[placeholder='Email']'.</msg>
<arg>${locator}</arg>
<arg>${text}</arg>
<doc>Types the given ``text`` into the text field identified by ``locator``.</doc>
<status status="PASS" start="2026-05-09T15:03:01.427956" elapsed="0.205461"/>
</kw>
<arg>${EMAIL_INPUT}</arg>
<arg>${email}</arg>
<doc>Input text into a specified element.</doc>
<status status="PASS" start="2026-05-09T15:03:00.476759" elapsed="1.156898"/>
</kw>
<kw name="Input Text To Element" owner="common_keywords">
<kw name="Log Info" owner="logger">
<msg time="2026-05-09T15:03:01.635201" level="INFO">[STEP] Input text "123456789" to element css:input[placeholder='Password']</msg>
<msg time="2026-05-09T15:03:01.635279" level="INFO">[STEP] Input text "123456789" to element css:input[placeholder='Password']</msg>
<arg>[STEP]</arg>
<arg>Input text "${text}" to element ${locator}</arg>
<status status="PASS" start="2026-05-09T15:03:01.634711" elapsed="0.000656"/>
</kw>
<kw name="Step Log" owner="allure_helper">
<arg>Input text "${text}" to element ${locator}</arg>
<status status="PASS" start="2026-05-09T15:03:01.635582" elapsed="0.000351"/>
</kw>
<kw name="Wait Until Element Visible Custom" owner="common_keywords">
<kw name="Log Info" owner="logger">
<msg time="2026-05-09T15:03:01.639312" level="INFO">[STEP] Wait until element css:input[placeholder='Password'] is visible with timeout 10s</msg>
<msg time="2026-05-09T15:03:01.639397" level="INFO">[STEP] Wait until element css:input[placeholder='Password'] is visible with timeout 10s</msg>
<arg>[STEP]</arg>
<arg>Wait until element ${locator} is visible with timeout ${timeout}</arg>
<status status="PASS" start="2026-05-09T15:03:01.638813" elapsed="0.000678"/>
</kw>
<kw name="Step Log" owner="allure_helper">
<arg>Wait until element ${locator} is visible with timeout ${timeout}</arg>
<status status="PASS" start="2026-05-09T15:03:01.639726" elapsed="0.000362"/>
</kw>
<kw name="Wait Until Element Is Visible" owner="SeleniumLibrary">
<arg>${locator}</arg>
<arg>${timeout}</arg>
<doc>Waits until the element ``locator`` is visible.</doc>
<status status="PASS" start="2026-05-09T15:03:01.640315" elapsed="0.034487"/>
</kw>
<arg>${locator}</arg>
<arg>10s</arg>
<doc>Wait until the specified element is visible on the page.</doc>
<status status="PASS" start="2026-05-09T15:03:01.638144" elapsed="0.036901"/>
</kw>
<kw name="Clear Element Text" owner="SeleniumLibrary">
<arg>${locator}</arg>
<doc>Clears the value of the text-input-element identified by ``locator``.</doc>
<status status="PASS" start="2026-05-09T15:03:01.675408" elapsed="0.095484"/>
</kw>
<kw name="Input Text" owner="SeleniumLibrary">
<msg time="2026-05-09T15:03:01.771792" level="INFO">Typing text '123456789' into text field 'css:input[placeholder='Password']'.</msg>
<arg>${locator}</arg>
<arg>${text}</arg>
<doc>Types the given ``text`` into the text field identified by ``locator``.</doc>
<status status="PASS" start="2026-05-09T15:03:01.771267" elapsed="0.201835"/>
</kw>
<arg>${PASSWORD_INPUT}</arg>
<arg>${password}</arg>
<doc>Input text into a specified element.</doc>
<status status="PASS" start="2026-05-09T15:03:01.634045" elapsed="0.339300"/>
</kw>
<arg>ngvanhoan@gmail.com</arg>
<arg>123456789</arg>
<doc>Fill in the login form with provided email and password</doc>
<status status="PASS" start="2026-05-09T15:03:00.476334" elapsed="1.497170"/>
</kw>
<kw name="Submit Login Form" owner="login_business">
<kw name="Click On Element" owner="common_keywords">
<kw name="Log Info" owner="logger">
<msg time="2026-05-09T15:03:01.975530" level="INFO">[STEP] Click element xpath://button[contains(text(),'Đăng nhập')]</msg>
<msg time="2026-05-09T15:03:01.975612" level="INFO">[STEP] Click element xpath://button[contains(text(),'Đăng nhập')]</msg>
<arg>[STEP]</arg>
<arg>Click element ${locator}</arg>
<status status="PASS" start="2026-05-09T15:03:01.975100" elapsed="0.000604"/>
</kw>
<kw name="Step Log" owner="allure_helper">
<arg>Click element ${locator}</arg>
<status status="PASS" start="2026-05-09T15:03:01.975917" elapsed="0.000344"/>
</kw>
<kw name="Wait Until Element Visible Custom" owner="common_keywords">
<kw name="Log Info" owner="logger">
<msg time="2026-05-09T15:03:01.977426" level="INFO">[STEP] Wait until element xpath://button[contains(text(),'Đăng nhập')] is visible with timeout 10s</msg>
<msg time="2026-05-09T15:03:01.977508" level="INFO">[STEP] Wait until element xpath://button[contains(text(),'Đăng nhập')] is visible with timeout 10s</msg>
<arg>[STEP]</arg>
<arg>Wait until element ${locator} is visible with timeout ${timeout}</arg>
<status status="PASS" start="2026-05-09T15:03:01.977026" elapsed="0.000564"/>
</kw>
<kw name="Step Log" owner="allure_helper">
<arg>Wait until element ${locator} is visible with timeout ${timeout}</arg>
<status status="PASS" start="2026-05-09T15:03:01.977824" elapsed="0.000326"/>
</kw>
<kw name="Wait Until Element Is Visible" owner="SeleniumLibrary">
<arg>${locator}</arg>
<arg>${timeout}</arg>
<doc>Waits until the element ``locator`` is visible.</doc>
<status status="PASS" start="2026-05-09T15:03:01.978370" elapsed="0.037728"/>
</kw>
<arg>${locator}</arg>
<arg>10s</arg>
<doc>Wait until the specified element is visible on the page.</doc>
<status status="PASS" start="2026-05-09T15:03:01.976522" elapsed="0.039806"/>
</kw>
<kw name="Click Element" owner="SeleniumLibrary">
<msg time="2026-05-09T15:03:02.017098" level="INFO">Clicking element 'xpath://button[contains(text(),'Đăng nhập')]'.</msg>
<arg>${locator}</arg>
<doc>Click the element identified by ``locator``.</doc>
<status status="PASS" start="2026-05-09T15:03:02.016639" elapsed="0.252273"/>
</kw>
<arg>${LOGIN_BTN}</arg>
<doc>Click on a specified element.</doc>
<status status="PASS" start="2026-05-09T15:03:01.974615" elapsed="0.294512"/>
</kw>
<kw name="Sleep" owner="BuiltIn">
<msg time="2026-05-09T15:03:04.270220" level="INFO">Slept 2 seconds.</msg>
<arg>2s</arg>
<doc>Pauses the test executed for the given time.</doc>
<status status="PASS" start="2026-05-09T15:03:02.269402" elapsed="2.000963"/>
</kw>
<kw name="Reload Current Page" owner="common_keywords">
<kw name="Log Info" owner="logger">
<msg time="2026-05-09T15:03:04.271299" level="INFO">[STEP] Reload current page</msg>
<msg time="2026-05-09T15:03:04.271350" level="INFO">[STEP] Reload current page</msg>
<arg>[STEP] Reload current page</arg>
<status status="PASS" start="2026-05-09T15:03:04.271037" elapsed="0.000374"/>
</kw>
<kw name="Step Log" owner="allure_helper">
<arg>Reload current page</arg>
<status status="PASS" start="2026-05-09T15:03:04.271559" elapsed="0.000178"/>
</kw>
<kw name="Press Keys" owner="SeleniumLibrary">
<msg time="2026-05-09T15:03:04.272373" level="INFO">Sending key(s) ('F5',) to page.</msg>
<msg time="2026-05-09T15:03:04.272485" level="INFO">Pressing special key F5 to browser.</msg>
<msg time="2026-05-09T15:03:04.272553" level="INFO">Releasing special key F5.</msg>
<arg>None</arg>
<arg>F5</arg>
<doc>Simulates the user pressing key(s) to an element or on the active browser.</doc>
<status status="PASS" start="2026-05-09T15:03:04.271899" elapsed="0.010622"/>
</kw>
<doc>Reload the current page.</doc>
<status status="PASS" start="2026-05-09T15:03:04.270696" elapsed="0.011982"/>
</kw>
<doc>Submit the login form</doc>
<status status="PASS" start="2026-05-09T15:03:01.974102" elapsed="2.308667"/>
</kw>
<kw name="Verify Element Text Contains" owner="verify">
<kw name="Wait Until Element Is Visible" owner="SeleniumLibrary">
<arg>${locator}</arg>
<arg>10s</arg>
<doc>Waits until the element ``locator`` is visible.</doc>
<status status="PASS" start="2026-05-09T15:03:04.284166" elapsed="0.042164"/>
</kw>
<kw name="Wait Until Element Contains" owner="SeleniumLibrary">
<arg>${locator}</arg>
<arg>${expected}</arg>
<arg>3s</arg>
<doc>Waits until the element ``locator`` contains ``text``.</doc>
<status status="PASS" start="2026-05-09T15:03:04.326612" elapsed="0.039128"/>
</kw>
<kw name="Get Text" owner="SeleniumLibrary">
<msg time="2026-05-09T15:03:04.395988" level="INFO">${text} = Tài khoản hoặc mật khẩu không chính xác</msg>
<var>${text}</var>
<arg>${locator}</arg>
<doc>Returns the text value of the element identified by ``locator``.</doc>
<status status="PASS" start="2026-05-09T15:03:04.366241" elapsed="0.029811"/>
</kw>
<kw name="Log Info" owner="logger">
<msg time="2026-05-09T15:03:04.396582" level="INFO">[STEP] Text: Tài khoản hoặc mật khẩu không chính xác</msg>
<msg time="2026-05-09T15:03:04.396624" level="INFO">[STEP] Text: Tài khoản hoặc mật khẩu không chính xác</msg>
<arg>[STEP] Text: ${text}</arg>
<status status="PASS" start="2026-05-09T15:03:04.396265" elapsed="0.000407"/>
</kw>
<kw name="Log Info" owner="logger">
<msg time="2026-05-09T15:03:04.396979" level="INFO">[STEP] Expected: Tài khoản hoặc mật khẩu không chính xác</msg>
<msg time="2026-05-09T15:03:04.397016" level="INFO">[STEP] Expected: Tài khoản hoặc mật khẩu không chính xác</msg>
<arg>[STEP]</arg>
<arg>Expected: ${expected}</arg>
<status status="PASS" start="2026-05-09T15:03:04.396787" elapsed="0.000274"/>
</kw>
<kw name="Should Contain" owner="BuiltIn">
<arg>${text}</arg>
<arg>${expected}</arg>
<doc>Fails if ``container`` does not contain ``item`` one or more times.</doc>
<status status="PASS" start="2026-05-09T15:03:04.397209" elapsed="0.000762"/>
</kw>
<kw name="Step Log" owner="allure_helper">
<arg>Element text verified.</arg>
<status status="PASS" start="2026-05-09T15:03:04.398138" elapsed="0.000183"/>
</kw>
<arg>${ERROR_MSG}</arg>
<arg>Tài khoản hoặc mật khẩu không chính xác</arg>
<doc>Verify that the text of the element located by the given locator contains the expected text.</doc>
<status status="PASS" start="2026-05-09T15:03:04.283450" elapsed="0.114967"/>
</kw>
<kw name="Run Keywords" owner="BuiltIn" type="TEARDOWN">
<kw name="Run Keyword If Test Failed" owner="BuiltIn">
<arg>Handle Test Failure</arg>
<doc>Runs the given keyword with the given arguments, if the test failed.</doc>
<status status="PASS" start="2026-05-09T15:03:04.399356" elapsed="0.000237"/>
</kw>
<kw name="Close Browser Suite" owner="base_test">
<kw name="Log Info" owner="logger">
<msg time="2026-05-09T15:03:04.400218" level="INFO">Close browser</msg>
<msg time="2026-05-09T15:03:04.400271" level="INFO">Close browser</msg>
<arg>Close browser</arg>
<status status="PASS" start="2026-05-09T15:03:04.400033" elapsed="0.000314"/>
</kw>
<kw name="Step Log" owner="allure_helper">
<arg>Close browser</arg>
<status status="PASS" start="2026-05-09T15:03:04.400496" elapsed="0.000178"/>
</kw>
<kw name="Close All Browsers" owner="SeleniumLibrary">
<doc>Closes all open browsers and resets the browser cache.</doc>
<status status="PASS" start="2026-05-09T15:03:04.400831" elapsed="2.225671"/>
</kw>
<status status="PASS" start="2026-05-09T15:03:04.399774" elapsed="2.226929"/>
</kw>
<arg>Run Keyword If Test Failed</arg>
<arg>Handle Test Failure</arg>
<arg>AND</arg>
<arg>Close Browser Suite</arg>
<doc>Executes all the given keywords in a sequence.</doc>
<status status="PASS" start="2026-05-09T15:03:04.398851" elapsed="2.227950"/>
</kw>
<doc>Auto generated from AI flow</doc>
<status status="PASS" start="2026-05-09T15:02:57.605810" elapsed="9.021505"/>
</test>
<test id="s1-t2" name="login Auto Test 3" line="24">
<kw name="Open Browser Suite" owner="base_test" type="SETUP">
<kw name="Init Logger" owner="logger">
<arg>${feature}</arg>
<status status="PASS" start="2026-05-09T15:03:06.629367" elapsed="0.000274"/>
</kw>
<kw name="Open Browser" owner="SeleniumLibrary">
<msg time="2026-05-09T15:03:06.629891" level="INFO">Opening browser 'edge' to base url 'about:blank'.</msg>
<arg>about:blank</arg>
<arg>edge</arg>
<doc>Opens a new browser instance to the optional ``url``.</doc>
<status status="PASS" start="2026-05-09T15:03:06.629768" elapsed="0.761161"/>
</kw>
<kw name="Maximize Browser Window" owner="SeleniumLibrary">
<doc>Maximizes current browser window.</doc>
<status status="PASS" start="2026-05-09T15:03:07.391236" elapsed="0.035538"/>
</kw>
<kw name="Log Info" owner="logger">
<msg time="2026-05-09T15:03:07.427483" level="INFO">================================</msg>
<msg time="2026-05-09T15:03:07.427559" level="INFO">================================</msg>
<arg>================================</arg>
<status status="PASS" start="2026-05-09T15:03:07.427060" elapsed="0.000577"/>
</kw>
<kw name="Log Info" owner="logger">
<msg time="2026-05-09T15:03:07.428113" level="INFO">Browser opened</msg>
<msg time="2026-05-09T15:03:07.428196" level="INFO">Browser opened</msg>
<arg>Browser opened</arg>
<status status="PASS" start="2026-05-09T15:03:07.427834" elapsed="0.000433"/>
</kw>
<kw name="Step Log" owner="allure_helper">
<arg>Browser opened</arg>
<status status="PASS" start="2026-05-09T15:03:07.428449" elapsed="0.000226"/>
</kw>
<arg>Login Feature</arg>
<status status="PASS" start="2026-05-09T15:03:06.629131" elapsed="0.799661"/>
</kw>
<kw name="Open Login Page" owner="login_business">
<kw name="Open Page" owner="common_keywords">
<kw name="Log Info" owner="logger">
<msg time="2026-05-09T15:03:07.430810" level="INFO">[STEP] Opening page: https://ella.vn/</msg>
<msg time="2026-05-09T15:03:07.430932" level="INFO">[STEP] Opening page: https://ella.vn/</msg>
<arg>[STEP]</arg>
<arg>Opening page: ${url}</arg>
<status status="PASS" start="2026-05-09T15:03:07.430392" elapsed="0.000663"/>
</kw>
<kw name="Step Log" owner="allure_helper">
<arg>Opening page: ${url}</arg>
<status status="PASS" start="2026-05-09T15:03:07.431456" elapsed="0.000564"/>
</kw>
<kw name="Go To" owner="SeleniumLibrary">
<msg time="2026-05-09T15:03:07.432585" level="INFO">Opening url 'https://ella.vn/'</msg>
<arg>${url}</arg>
<doc>Navigates the current browser window to the provided ``url``.</doc>
<status status="PASS" start="2026-05-09T15:03:07.432313" elapsed="2.093417"/>
</kw>
<kw name="Wait Until Page Contains Element" owner="SeleniumLibrary">
<arg>//body</arg>
<arg>10s</arg>
<doc>Waits until the element ``locator`` appears on the current page.</doc>
<status status="PASS" start="2026-05-09T15:03:09.526258" elapsed="0.023584"/>
</kw>
<arg>${URL}</arg>
<doc>Open a web page with the specified URL.</doc>
<status status="PASS" start="2026-05-09T15:03:07.429909" elapsed="2.120240"/>
</kw>
<kw name="Click On Element" owner="common_keywords">
<kw name="Log Info" owner="logger">
<msg time="2026-05-09T15:03:09.552201" level="INFO">[STEP] Click element xpath://div[@class='lf']//span[contains(text(),'Đăng nhập')]</msg>
<msg time="2026-05-09T15:03:09.552317" level="INFO">[STEP] Click element xpath://div[@class='lf']//span[contains(text(),'Đăng nhập')]</msg>
<arg>[STEP]</arg>
<arg>Click element ${locator}</arg>
<status status="PASS" start="2026-05-09T15:03:09.551527" elapsed="0.000925"/>
</kw>
<kw name="Step Log" owner="allure_helper">
<arg>Click element ${locator}</arg>
<status status="PASS" start="2026-05-09T15:03:09.552791" elapsed="0.000463"/>
</kw>
<kw name="Wait Until Element Visible Custom" owner="common_keywords">
<kw name="Log Info" owner="logger">
<msg time="2026-05-09T15:03:09.555098" level="INFO">[STEP] Wait until element xpath://div[@class='lf']//span[contains(text(),'Đăng nhập')] is visible with timeout 10s</msg>
<msg time="2026-05-09T15:03:09.555228" level="INFO">[STEP] Wait until element xpath://div[@class='lf']//span[contains(text(),'Đăng nhập')] is visible with timeout 10s</msg>
<arg>[STEP]</arg>
<arg>Wait until element ${locator} is visible with timeout ${timeout}</arg>
<status status="PASS" start="2026-05-09T15:03:09.554434" elapsed="0.000933"/>
</kw>
<kw name="Step Log" owner="allure_helper">
<arg>Wait until element ${locator} is visible with timeout ${timeout}</arg>
<status status="PASS" start="2026-05-09T15:03:09.555700" elapsed="0.000541"/>
</kw>
<kw name="Wait Until Element Is Visible" owner="SeleniumLibrary">
<arg>${locator}</arg>
<arg>${timeout}</arg>
<doc>Waits until the element ``locator`` is visible.</doc>
<status status="PASS" start="2026-05-09T15:03:09.556656" elapsed="0.114383"/>
</kw>
<arg>${locator}</arg>
<arg>10s</arg>
<doc>Wait until the specified element is visible on the page.</doc>
<status status="PASS" start="2026-05-09T15:03:09.553666" elapsed="0.117874"/>
</kw>
<kw name="Click Element" owner="SeleniumLibrary">
<msg time="2026-05-09T15:03:09.672510" level="INFO">Clicking element 'xpath://div[@class='lf']//span[contains(text(),'Đăng nhập')]'.</msg>
<arg>${locator}</arg>
<doc>Click the element identified by ``locator``.</doc>
<status status="PASS" start="2026-05-09T15:03:09.671953" elapsed="0.318591"/>
</kw>
<arg>${LOGIN_URL}</arg>
<doc>Click on a specified element.</doc>
<status status="PASS" start="2026-05-09T15:03:09.550713" elapsed="0.440158"/>
</kw>
<doc>Navigate to the login page</doc>
<status status="PASS" start="2026-05-09T15:03:07.429336" elapsed="2.561742"/>
</kw>
<kw name="Fill Login Form" owner="login_business">
<kw name="Input Text To Element" owner="common_keywords">
<kw name="Log Info" owner="logger">
<msg time="2026-05-09T15:03:09.996109" level="INFO">[STEP] Input text "tuyetmai99@gmail.com" to element css:input[placeholder='Email']</msg>
<msg time="2026-05-09T15:03:09.996319" level="INFO">[STEP] Input text "tuyetmai99@gmail.com" to element css:input[placeholder='Email']</msg>
<arg>[STEP]</arg>
<arg>Input text "${text}" to element ${locator}</arg>
<status status="PASS" start="2026-05-09T15:03:09.995085" elapsed="0.001473"/>
</kw>
<kw name="Step Log" owner="allure_helper">
<arg>Input text "${text}" to element ${locator}</arg>
<status status="PASS" start="2026-05-09T15:03:09.997093" elapsed="0.000854"/>
</kw>
<kw name="Wait Until Element Visible Custom" owner="common_keywords">
<kw name="Log Info" owner="logger">
<msg time="2026-05-09T15:03:10.000470" level="INFO">[STEP] Wait until element css:input[placeholder='Email'] is visible with timeout 10s</msg>
<msg time="2026-05-09T15:03:10.000609" level="INFO">[STEP] Wait until element css:input[placeholder='Email'] is visible with timeout 10s</msg>
<arg>[STEP]</arg>
<arg>Wait until element ${locator} is visible with timeout ${timeout}</arg>
<status status="PASS" start="2026-05-09T15:03:09.999690" elapsed="0.001073"/>
</kw>
<kw name="Step Log" owner="allure_helper">
<arg>Wait until element ${locator} is visible with timeout ${timeout}</arg>
<status status="PASS" start="2026-05-09T15:03:10.001157" elapsed="0.000949"/>
</kw>
<kw name="Wait Until Element Is Visible" owner="SeleniumLibrary">
<arg>${locator}</arg>
<arg>${timeout}</arg>
<doc>Waits until the element ``locator`` is visible.</doc>
<status status="PASS" start="2026-05-09T15:03:10.002632" elapsed="0.743005"/>
</kw>
<arg>${locator}</arg>
<arg>10s</arg>
<doc>Wait until the specified element is visible on the page.</doc>
<status status="PASS" start="2026-05-09T15:03:09.998633" elapsed="0.747494"/>
</kw>
<kw name="Clear Element Text" owner="SeleniumLibrary">
<arg>${locator}</arg>
<doc>Clears the value of the text-input-element identified by ``locator``.</doc>
<status status="PASS" start="2026-05-09T15:03:10.746813" elapsed="0.114030"/>
</kw>
<kw name="Input Text" owner="SeleniumLibrary">
<msg time="2026-05-09T15:03:10.862370" level="INFO">Typing text 'tuyetmai99@gmail.com' into text field 'css:input[placeholder='Email']'.</msg>
<arg>${locator}</arg>
<arg>${text}</arg>
<doc>Types the given ``text`` into the text field identified by ``locator``.</doc>
<status status="PASS" start="2026-05-09T15:03:10.861502" elapsed="0.302771"/>
</kw>
<arg>${EMAIL_INPUT}</arg>
<arg>${email}</arg>
<doc>Input text into a specified element.</doc>
<status status="PASS" start="2026-05-09T15:03:09.994152" elapsed="1.170498"/>
</kw>
<kw name="Input Text To Element" owner="common_keywords">
<kw name="Log Info" owner="logger">
<msg time="2026-05-09T15:03:11.167342" level="INFO">[STEP] Input text "" to element css:input[placeholder='Password']</msg>
<msg time="2026-05-09T15:03:11.167539" level="INFO">[STEP] Input text "" to element css:input[placeholder='Password']</msg>
<arg>[STEP]</arg>
<arg>Input text "${text}" to element ${locator}</arg>
<status status="PASS" start="2026-05-09T15:03:11.166456" elapsed="0.001275"/>
</kw>
<kw name="Step Log" owner="allure_helper">
<arg>Input text "${text}" to element ${locator}</arg>
<status status="PASS" start="2026-05-09T15:03:11.168130" elapsed="0.000630"/>
</kw>
<kw name="Wait Until Element Visible Custom" owner="common_keywords">
<kw name="Log Info" owner="logger">
<msg time="2026-05-09T15:03:11.171421" level="INFO">[STEP] Wait until element css:input[placeholder='Password'] is visible with timeout 10s</msg>
<msg time="2026-05-09T15:03:11.171556" level="INFO">[STEP] Wait until element css:input[placeholder='Password'] is visible with timeout 10s</msg>
<arg>[STEP]</arg>
<arg>Wait until element ${locator} is visible with timeout ${timeout}</arg>
<status status="PASS" start="2026-05-09T15:03:11.170491" elapsed="0.001212"/>
</kw>
<kw name="Step Log" owner="allure_helper">
<arg>Wait until element ${locator} is visible with timeout ${timeout}</arg>
<status status="PASS" start="2026-05-09T15:03:11.172104" elapsed="0.000690"/>
</kw>
<kw name="Wait Until Element Is Visible" owner="SeleniumLibrary">
<arg>${locator}</arg>
<arg>${timeout}</arg>
<doc>Waits until the element ``locator`` is visible.</doc>
<status status="PASS" start="2026-05-09T15:03:11.173217" elapsed="0.111696"/>
</kw>
<arg>${locator}</arg>
<arg>10s</arg>
<doc>Wait until the specified element is visible on the page.</doc>
<status status="PASS" start="2026-05-09T15:03:11.169436" elapsed="0.115808"/>
</kw>
<kw name="Clear Element Text" owner="SeleniumLibrary">
<arg>${locator}</arg>
<doc>Clears the value of the text-input-element identified by ``locator``.</doc>
<status status="PASS" start="2026-05-09T15:03:11.285703" elapsed="0.067305"/>
</kw>
<kw name="Input Text" owner="SeleniumLibrary">
<msg time="2026-05-09T15:03:11.354156" level="INFO">Typing text '' into text field 'css:input[placeholder='Password']'.</msg>
<arg>${locator}</arg>
<arg>${text}</arg>
<doc>Types the given ``text`` into the text field identified by ``locator``.</doc>
<status status="PASS" start="2026-05-09T15:03:11.353492" elapsed="0.237956"/>
</kw>
<arg>${PASSWORD_INPUT}</arg>
<arg>${password}</arg>
<doc>Input text into a specified element.</doc>
<status status="PASS" start="2026-05-09T15:03:11.165362" elapsed="0.426442"/>
</kw>
<arg>tuyetmai99@gmail.com</arg>
<arg>${EMPTY}</arg>
<doc>Fill in the login form with provided email and password</doc>
<status status="PASS" start="2026-05-09T15:03:09.992089" elapsed="1.599921"/>
</kw>
<kw name="Submit Login Form" owner="login_business">
<kw name="Click On Element" owner="common_keywords">
<kw name="Log Info" owner="logger">
<msg time="2026-05-09T15:03:11.595373" level="INFO">[STEP] Click element xpath://button[contains(text(),'Đăng nhập')]</msg>
<msg time="2026-05-09T15:03:11.595533" level="INFO">[STEP] Click element xpath://button[contains(text(),'Đăng nhập')]</msg>
<arg>[STEP]</arg>
<arg>Click element ${locator}</arg>
<status status="PASS" start="2026-05-09T15:03:11.594542" elapsed="0.001162"/>
</kw>
<kw name="Step Log" owner="allure_helper">
<arg>Click element ${locator}</arg>
<status status="PASS" start="2026-05-09T15:03:11.596164" elapsed="0.000580"/>
</kw>
<kw name="Wait Until Element Visible Custom" owner="common_keywords">
<kw name="Log Info" owner="logger">
<msg time="2026-05-09T15:03:11.598966" level="INFO">[STEP] Wait until element xpath://button[contains(text(),'Đăng nhập')] is visible with timeout 10s</msg>
<msg time="2026-05-09T15:03:11.599093" level="INFO">[STEP] Wait until element xpath://button[contains(text(),'Đăng nhập')] is visible with timeout 10s</msg>
<arg>[STEP]</arg>
<arg>Wait until element ${locator} is visible with timeout ${timeout}</arg>
<status status="PASS" start="2026-05-09T15:03:11.598198" elapsed="0.001035"/>
</kw>
<kw name="Step Log" owner="allure_helper">
<arg>Wait until element ${locator} is visible with timeout ${timeout}</arg>
<status status="PASS" start="2026-05-09T15:03:11.599583" elapsed="0.000560"/>
</kw>
<kw name="Wait Until Element Is Visible" owner="SeleniumLibrary">
<arg>${locator}</arg>
<arg>${timeout}</arg>
<doc>Waits until the element ``locator`` is visible.</doc>
<status status="PASS" start="2026-05-09T15:03:11.600821" elapsed="0.051420"/>
</kw>
<arg>${locator}</arg>
<arg>10s</arg>
<doc>Wait until the specified element is visible on the page.</doc>
<status status="PASS" start="2026-05-09T15:03:11.597243" elapsed="0.055316"/>
</kw>
<kw name="Click Element" owner="SeleniumLibrary">
<msg time="2026-05-09T15:03:11.653592" level="INFO">Clicking element 'xpath://button[contains(text(),'Đăng nhập')]'.</msg>
<arg>${locator}</arg>
<doc>Click the element identified by ``locator``.</doc>
<status status="PASS" start="2026-05-09T15:03:11.652991" elapsed="0.214381"/>
</kw>
<arg>${LOGIN_BTN}</arg>
<doc>Click on a specified element.</doc>
<status status="PASS" start="2026-05-09T15:03:11.593728" elapsed="0.273828"/>
</kw>
<kw name="Sleep" owner="BuiltIn">
<msg time="2026-05-09T15:03:13.869001" level="INFO">Slept 2 seconds.</msg>
<arg>2s</arg>
<doc>Pauses the test executed for the given time.</doc>
<status status="PASS" start="2026-05-09T15:03:11.867791" elapsed="2.001387"/>
</kw>
<kw name="Reload Current Page" owner="common_keywords">
<kw name="Log Info" owner="logger">
<msg time="2026-05-09T15:03:13.870222" level="INFO">[STEP] Reload current page</msg>
<msg time="2026-05-09T15:03:13.870288" level="INFO">[STEP] Reload current page</msg>
<arg>[STEP] Reload current page</arg>
<status status="PASS" start="2026-05-09T15:03:13.869908" elapsed="0.000450"/>
</kw>
<kw name="Step Log" owner="allure_helper">
<arg>Reload current page</arg>
<status status="PASS" start="2026-05-09T15:03:13.870526" elapsed="0.000221"/>
</kw>
<kw name="Press Keys" owner="SeleniumLibrary">
<msg time="2026-05-09T15:03:13.871464" level="INFO">Sending key(s) ('F5',) to page.</msg>
<msg time="2026-05-09T15:03:13.871586" level="INFO">Pressing special key F5 to browser.</msg>
<msg time="2026-05-09T15:03:13.871648" level="INFO">Releasing special key F5.</msg>
<arg>None</arg>
<arg>F5</arg>
<doc>Simulates the user pressing key(s) to an element or on the active browser.</doc>
<status status="PASS" start="2026-05-09T15:03:13.870939" elapsed="0.019667"/>
</kw>
<doc>Reload the current page.</doc>
<status status="PASS" start="2026-05-09T15:03:13.869521" elapsed="0.021414"/>
</kw>
<doc>Submit the login form</doc>
<status status="PASS" start="2026-05-09T15:03:11.592950" elapsed="2.298194"/>
</kw>
<kw name="Verify Required Field Message" owner="verify">
<kw name="Execute Javascript" owner="SeleniumLibrary">
<msg time="2026-05-09T15:03:13.894029" level="INFO">Executing JavaScript:
var el = document.activeElement;if (el) {el.reportValidity();return el.validationMessage;}return "";
Without any arguments.</msg>
<msg time="2026-05-09T15:03:13.915316" level="INFO">${message} = Please fill out this field.</msg>
<var>${message}</var>
<arg>var el = document.activeElement;</arg>
<arg>if (el) {</arg>
<arg>el.reportValidity();</arg>
<arg>return el.validationMessage;</arg>
<arg>}</arg>
<arg>return "";</arg>
<doc>Executes the given JavaScript code with possible arguments.</doc>
<status status="PASS" start="2026-05-09T15:03:13.892984" elapsed="0.022607"/>
</kw>
<kw name="Log Info" owner="logger">
<msg time="2026-05-09T15:03:13.917756" level="INFO">[STEP] Actual validation message: Please fill out this field.</msg>
<msg time="2026-05-09T15:03:13.917970" level="INFO">[STEP] Actual validation message: Please fill out this field.</msg>
<arg>[STEP]</arg>
<arg>Actual validation message: ${message}</arg>
<status status="PASS" start="2026-05-09T15:03:13.916407" elapsed="0.001797"/>
</kw>
<kw name="Log Info" owner="logger">
<msg time="2026-05-09T15:03:13.919713" level="INFO">[STEP] Expected validation message: Please fill out this field.</msg>
<msg time="2026-05-09T15:03:13.919820" level="INFO">[STEP] Expected validation message: Please fill out this field.</msg>
<arg>[STEP]</arg>
<arg>Expected validation message: ${expected}</arg>
<status status="PASS" start="2026-05-09T15:03:13.918847" elapsed="0.001103"/>
</kw>
<if>
<branch type="IF" condition="'${expected}' == 'required' or '${expected}' == 'invalid'">
<kw name="Should Not Be Empty" owner="BuiltIn">
<arg>${message}</arg>
<doc>Verifies that the given item is not empty.</doc>
<status status="NOT RUN" start="2026-05-09T15:03:13.921323" elapsed="0.000109"/>
</kw>
<status status="NOT RUN" start="2026-05-09T15:03:13.920331" elapsed="0.001239"/>
</branch>
<branch type="ELSE">
<kw name="Should Contain" owner="BuiltIn">
<arg>${message}</arg>
<arg>${expected}</arg>
<doc>Fails if ``container`` does not contain ``item`` one or more times.</doc>
<status status="PASS" start="2026-05-09T15:03:13.922114" elapsed="0.001108"/>
</kw>
<status status="PASS" start="2026-05-09T15:03:13.921717" elapsed="0.001676"/>
</branch>
<status status="PASS" start="2026-05-09T15:03:13.920220" elapsed="0.003308"/>
</if>
<kw name="Step Log" owner="allure_helper">
<arg>Validation message verified.</arg>
<status status="PASS" start="2026-05-09T15:03:13.923842" elapsed="0.000372"/>
</kw>
<arg>Please fill out this field.</arg>
<doc>Verify the validation message for required fields or invalid input.</doc>
<status status="PASS" start="2026-05-09T15:03:13.892221" elapsed="0.032209"/>
</kw>
<kw name="Run Keywords" owner="BuiltIn" type="TEARDOWN">
<kw name="Run Keyword If Test Failed" owner="BuiltIn">
<arg>Handle Test Failure</arg>
<doc>Runs the given keyword with the given arguments, if the test failed.</doc>
<status status="PASS" start="2026-05-09T15:03:13.927420" elapsed="0.001648"/>
</kw>
<kw name="Close Browser Suite" owner="base_test">
<kw name="Log Info" owner="logger">
<msg time="2026-05-09T15:03:13.935281" level="INFO">Close browser</msg>
<msg time="2026-05-09T15:03:13.935887" level="INFO">Close browser</msg>
<arg>Close browser</arg>
<status status="PASS" start="2026-05-09T15:03:13.932948" elapsed="0.003983"/>
</kw>
<kw name="Step Log" owner="allure_helper">
<arg>Close browser</arg>
<status status="PASS" start="2026-05-09T15:03:13.938039" elapsed="0.000880"/>
</kw>
<kw name="Close All Browsers" owner="SeleniumLibrary">
<doc>Closes all open browsers and resets the browser cache.</doc>
<status status="PASS" start="2026-05-09T15:03:13.939549" elapsed="2.253669"/>
</kw>
<status status="PASS" start="2026-05-09T15:03:13.930714" elapsed="2.262675"/>
</kw>
<arg>Run Keyword If Test Failed</arg>
<arg>Handle Test Failure</arg>
<arg>AND</arg>
<arg>Close Browser Suite</arg>
<doc>Executes all the given keywords in a sequence.</doc>
<status status="PASS" start="2026-05-09T15:03:13.925585" elapsed="2.267876"/>
</kw>
<doc>Auto generated from AI flow</doc>
<status status="PASS" start="2026-05-09T15:03:06.628616" elapsed="9.565237"/>
</test>
<test id="s1-t3" name="login Auto Test 1" line="31">
<kw name="Open Browser Suite" owner="base_test" type="SETUP">
<kw name="Init Logger" owner="logger">
<arg>${feature}</arg>
<status status="PASS" start="2026-05-09T15:03:16.196492" elapsed="0.000487"/>
</kw>
<kw name="Open Browser" owner="SeleniumLibrary">
<msg time="2026-05-09T15:03:16.197429" level="INFO">Opening browser 'edge' to base url 'about:blank'.</msg>
<arg>about:blank</arg>
<arg>edge</arg>
<doc>Opens a new browser instance to the optional ``url``.</doc>
<status status="PASS" start="2026-05-09T15:03:16.197217" elapsed="0.866921"/>
</kw>
<kw name="Maximize Browser Window" owner="SeleniumLibrary">
<doc>Maximizes current browser window.</doc>
<status status="PASS" start="2026-05-09T15:03:17.064438" elapsed="0.052442"/>
</kw>
<kw name="Log Info" owner="logger">
<msg time="2026-05-09T15:03:17.118092" level="INFO">================================</msg>
<msg time="2026-05-09T15:03:17.118257" level="INFO">================================</msg>
<arg>================================</arg>
<status status="PASS" start="2026-05-09T15:03:17.117275" elapsed="0.001120"/>
</kw>
<kw name="Log Info" owner="logger">
<msg time="2026-05-09T15:03:17.119429" level="INFO">Browser opened</msg>
<msg time="2026-05-09T15:03:17.119723" level="INFO">Browser opened</msg>
<arg>Browser opened</arg>
<status status="PASS" start="2026-05-09T15:03:17.118840" elapsed="0.001016"/>
</kw>
<kw name="Step Log" owner="allure_helper">
<arg>Browser opened</arg>
<status status="PASS" start="2026-05-09T15:03:17.120270" elapsed="0.000468"/>
</kw>
<arg>Login Feature</arg>
<status status="PASS" start="2026-05-09T15:03:16.195966" elapsed="0.924917"/>
</kw>
<kw name="Open Login Page" owner="login_business">
<kw name="Open Page" owner="common_keywords">
<kw name="Log Info" owner="logger">
<msg time="2026-05-09T15:03:17.124715" level="INFO">[STEP] Opening page: https://ella.vn/</msg>
<msg time="2026-05-09T15:03:17.124790" level="INFO">[STEP] Opening page: https://ella.vn/</msg>
<arg>[STEP]</arg>
<arg>Opening page: ${url}</arg>
<status status="PASS" start="2026-05-09T15:03:17.124326" elapsed="0.000550"/>
</kw>
<kw name="Step Log" owner="allure_helper">
<arg>Opening page: ${url}</arg>
<status status="PASS" start="2026-05-09T15:03:17.125085" elapsed="0.000298"/>
</kw>
<kw name="Go To" owner="SeleniumLibrary">
<msg time="2026-05-09T15:03:17.126208" level="INFO">Opening url 'https://ella.vn/'</msg>
<arg>${url}</arg>
<doc>Navigates the current browser window to the provided ``url``.</doc>
<status status="PASS" start="2026-05-09T15:03:17.125594" elapsed="1.855998"/>
</kw>
<kw name="Wait Until Page Contains Element" owner="SeleniumLibrary">
<arg>//body</arg>
<arg>10s</arg>
<doc>Waits until the element ``locator`` appears on the current page.</doc>
<status status="PASS" start="2026-05-09T15:03:18.981944" elapsed="0.017773"/>
</kw>
<arg>${URL}</arg>
<doc>Open a web page with the specified URL.</doc>
<status status="PASS" start="2026-05-09T15:03:17.123883" elapsed="1.876009"/>
</kw>
<kw name="Click On Element" owner="common_keywords">
<kw name="Log Info" owner="logger">
<msg time="2026-05-09T15:03:19.000900" level="INFO">[STEP] Click element xpath://div[@class='lf']//span[contains(text(),'Đăng nhập')]</msg>
<msg time="2026-05-09T15:03:19.000963" level="INFO">[STEP] Click element xpath://div[@class='lf']//span[contains(text(),'Đăng nhập')]</msg>
<arg>[STEP]</arg>
<arg>Click element ${locator}</arg>
<status status="PASS" start="2026-05-09T15:03:19.000571" elapsed="0.000463"/>
</kw>
<kw name="Step Log" owner="allure_helper">
<arg>Click element ${locator}</arg>
<status status="PASS" start="2026-05-09T15:03:19.001181" elapsed="0.000233"/>
</kw>
<kw name="Wait Until Element Visible Custom" owner="common_keywords">
<kw name="Log Info" owner="logger">
<msg time="2026-05-09T15:03:19.002469" level="INFO">[STEP] Wait until element xpath://div[@class='lf']//span[contains(text(),'Đăng nhập')] is visible with timeout 10s</msg>
<msg time="2026-05-09T15:03:19.002531" level="INFO">[STEP] Wait until element xpath://div[@class='lf']//span[contains(text(),'Đăng nhập')] is visible with timeout 10s</msg>
<arg>[STEP]</arg>
<arg>Wait until element ${locator} is visible with timeout ${timeout}</arg>
<status status="PASS" start="2026-05-09T15:03:19.002099" elapsed="0.000502"/>
</kw>
<kw name="Step Log" owner="allure_helper">
<arg>Wait until element ${locator} is visible with timeout ${timeout}</arg>
<status status="PASS" start="2026-05-09T15:03:19.002802" elapsed="0.000282"/>
</kw>
<kw name="Wait Until Element Is Visible" owner="SeleniumLibrary">
<arg>${locator}</arg>
<arg>${timeout}</arg>
<doc>Waits until the element ``locator`` is visible.</doc>
<status status="PASS" start="2026-05-09T15:03:19.003296" elapsed="0.087785"/>
</kw>
<arg>${locator}</arg>
<arg>10s</arg>
<doc>Wait until the specified element is visible on the page.</doc>
<status status="PASS" start="2026-05-09T15:03:19.001642" elapsed="0.089606"/>
</kw>
<kw name="Click Element" owner="SeleniumLibrary">
<msg time="2026-05-09T15:03:19.093634" level="INFO">Clicking element 'xpath://div[@class='lf']//span[contains(text(),'Đăng nhập')]'.</msg>
<arg>${locator}</arg>
<doc>Click the element identified by ``locator``.</doc>
<status status="PASS" start="2026-05-09T15:03:19.093327" elapsed="0.171587"/>
</kw>
<arg>${LOGIN_URL}</arg>
<doc>Click on a specified element.</doc>
<status status="PASS" start="2026-05-09T15:03:19.000170" elapsed="0.265349"/>
</kw>
<doc>Navigate to the login page</doc>
<status status="PASS" start="2026-05-09T15:03:17.121540" elapsed="2.144129"/>
</kw>
<kw name="Fill Login Form" owner="login_business">
<kw name="Input Text To Element" owner="common_keywords">
<kw name="Log Info" owner="logger">
<msg time="2026-05-09T15:03:19.268015" level="INFO">[STEP] Input text "ngvanhoan@gmail.com" to element css:input[placeholder='Email']</msg>
<msg time="2026-05-09T15:03:19.268082" level="INFO">[STEP] Input text "ngvanhoan@gmail.com" to element css:input[placeholder='Email']</msg>
<arg>[STEP]</arg>
<arg>Input text "${text}" to element ${locator}</arg>
<status status="PASS" start="2026-05-09T15:03:19.267563" elapsed="0.000599"/>
</kw>
<kw name="Step Log" owner="allure_helper">
<arg>Input text "${text}" to element ${locator}</arg>
<status status="PASS" start="2026-05-09T15:03:19.268348" elapsed="0.000305"/>
</kw>
<kw name="Wait Until Element Visible Custom" owner="common_keywords">
<kw name="Log Info" owner="logger">
<msg time="2026-05-09T15:03:19.269658" level="INFO">[STEP] Wait until element css:input[placeholder='Email'] is visible with timeout 10s</msg>
<msg time="2026-05-09T15:03:19.269734" level="INFO">[STEP] Wait until element css:input[placeholder='Email'] is visible with timeout 10s</msg>
<arg>[STEP]</arg>
<arg>Wait until element ${locator} is visible with timeout ${timeout}</arg>
<status status="PASS" start="2026-05-09T15:03:19.269285" elapsed="0.000534"/>
</kw>
<kw name="Step Log" owner="allure_helper">
<arg>Wait until element ${locator} is visible with timeout ${timeout}</arg>
<status status="PASS" start="2026-05-09T15:03:19.269994" elapsed="0.000276"/>
</kw>
<kw name="Wait Until Element Is Visible" owner="SeleniumLibrary">
<arg>${locator}</arg>
<arg>${timeout}</arg>
<doc>Waits until the element ``locator`` is visible.</doc>
<status status="PASS" start="2026-05-09T15:03:19.270456" elapsed="0.668881"/>
</kw>
<arg>${locator}</arg>
<arg>10s</arg>
<doc>Wait until the specified element is visible on the page.</doc>
<status status="PASS" start="2026-05-09T15:03:19.268878" elapsed="0.670638"/>
</kw>
<kw name="Clear Element Text" owner="SeleniumLibrary">
<arg>${locator}</arg>
<doc>Clears the value of the text-input-element identified by ``locator``.</doc>
<status status="PASS" start="2026-05-09T15:03:19.939743" elapsed="0.076741"/>
</kw>
<kw name="Input Text" owner="SeleniumLibrary">
<msg time="2026-05-09T15:03:20.017284" level="INFO">Typing text 'ngvanhoan@gmail.com' into text field 'css:input[placeholder='Email']'.</msg>
<arg>${locator}</arg>
<arg>${text}</arg>
<doc>Types the given ``text`` into the text field identified by ``locator``.</doc>
<status status="PASS" start="2026-05-09T15:03:20.016816" elapsed="0.130283"/>
</kw>
<arg>${EMAIL_INPUT}</arg>
<arg>${email}</arg>
<doc>Input text into a specified element.</doc>
<status status="PASS" start="2026-05-09T15:03:19.267040" elapsed="0.880255"/>
</kw>
<kw name="Input Text To Element" owner="common_keywords">
<kw name="Log Info" owner="logger">
<msg time="2026-05-09T15:03:20.148777" level="INFO">[STEP] Input text "ngvanhoan" to element css:input[placeholder='Password']</msg>
<msg time="2026-05-09T15:03:20.148855" level="INFO">[STEP] Input text "ngvanhoan" to element css:input[placeholder='Password']</msg>
<arg>[STEP]</arg>
<arg>Input text "${text}" to element ${locator}</arg>
<status status="PASS" start="2026-05-09T15:03:20.148278" elapsed="0.000657"/>
</kw>
<kw name="Step Log" owner="allure_helper">
<arg>Input text "${text}" to element ${locator}</arg>
<status status="PASS" start="2026-05-09T15:03:20.149134" elapsed="0.000316"/>
</kw>
<kw name="Wait Until Element Visible Custom" owner="common_keywords">
<kw name="Log Info" owner="logger">
<msg time="2026-05-09T15:03:20.150979" level="INFO">[STEP] Wait until element css:input[placeholder='Password'] is visible with timeout 10s</msg>
<msg time="2026-05-09T15:03:20.151212" level="INFO">[STEP] Wait until element css:input[placeholder='Password'] is visible with timeout 10s</msg>
<arg>[STEP]</arg>
<arg>Wait until element ${locator} is visible with timeout ${timeout}</arg>
<status status="PASS" start="2026-05-09T15:03:20.150553" elapsed="0.000751"/>
</kw>
<kw name="Step Log" owner="allure_helper">
<arg>Wait until element ${locator} is visible with timeout ${timeout}</arg>
<status status="PASS" start="2026-05-09T15:03:20.151498" elapsed="0.000304"/>
</kw>
<kw name="Wait Until Element Is Visible" owner="SeleniumLibrary">
<arg>${locator}</arg>
<arg>${timeout}</arg>
<doc>Waits until the element ``locator`` is visible.</doc>
<status status="PASS" start="2026-05-09T15:03:20.151994" elapsed="0.024940"/>
</kw>
<arg>${locator}</arg>
<arg>10s</arg>
<doc>Wait until the specified element is visible on the page.</doc>
<status status="PASS" start="2026-05-09T15:03:20.150044" elapsed="0.027054"/>
</kw>
<kw name="Clear Element Text" owner="SeleniumLibrary">
<arg>${locator}</arg>
<doc>Clears the value of the text-input-element identified by ``locator``.</doc>
<status status="PASS" start="2026-05-09T15:03:20.177339" elapsed="0.032563"/>
</kw>
<kw name="Input Text" owner="SeleniumLibrary">
<msg time="2026-05-09T15:03:20.210531" level="INFO">Typing text 'ngvanhoan' into text field 'css:input[placeholder='Password']'.</msg>
<arg>${locator}</arg>
<arg>${text}</arg>
<doc>Types the given ``text`` into the text field identified by ``locator``.</doc>
<status status="PASS" start="2026-05-09T15:03:20.210176" elapsed="0.178629"/>
</kw>
<arg>${PASSWORD_INPUT}</arg>
<arg>${password}</arg>
<doc>Input text into a specified element.</doc>
<status status="PASS" start="2026-05-09T15:03:20.147671" elapsed="0.241333"/>
</kw>
<arg>ngvanhoan@gmail.com</arg>
<arg>ngvanhoan</arg>
<doc>Fill in the login form with provided email and password</doc>
<status status="PASS" start="2026-05-09T15:03:19.266351" elapsed="1.122761"/>
</kw>
<kw name="Submit Login Form" owner="login_business">
<kw name="Click On Element" owner="common_keywords">
<kw name="Log Info" owner="logger">
<msg time="2026-05-09T15:03:20.390896" level="INFO">[STEP] Click element xpath://button[contains(text(),'Đăng nhập')]</msg>
<msg time="2026-05-09T15:03:20.390968" level="INFO">[STEP] Click element xpath://button[contains(text(),'Đăng nhập')]</msg>
<arg>[STEP]</arg>
<arg>Click element ${locator}</arg>
<status status="PASS" start="2026-05-09T15:03:20.390517" elapsed="0.000536"/>
</kw>
<kw name="Step Log" owner="allure_helper">
<arg>Click element ${locator}</arg>
<status status="PASS" start="2026-05-09T15:03:20.391255" elapsed="0.000256"/>
</kw>
<kw name="Wait Until Element Visible Custom" owner="common_keywords">
<kw name="Log Info" owner="logger">
<msg time="2026-05-09T15:03:20.392591" level="INFO">[STEP] Wait until element xpath://button[contains(text(),'Đăng nhập')] is visible with timeout 10s</msg>
<msg time="2026-05-09T15:03:20.392674" level="INFO">[STEP] Wait until element xpath://button[contains(text(),'Đăng nhập')] is visible with timeout 10s</msg>
<arg>[STEP]</arg>
<arg>Wait until element ${locator} is visible with timeout ${timeout}</arg>
<status status="PASS" start="2026-05-09T15:03:20.392210" elapsed="0.000542"/>
</kw>
<kw name="Step Log" owner="allure_helper">
<arg>Wait until element ${locator} is visible with timeout ${timeout}</arg>
<status status="PASS" start="2026-05-09T15:03:20.392946" elapsed="0.000330"/>
</kw>
<kw name="Wait Until Element Is Visible" owner="SeleniumLibrary">
<arg>${locator}</arg>
<arg>${timeout}</arg>
<doc>Waits until the element ``locator`` is visible.</doc>
<status status="PASS" start="2026-05-09T15:03:20.393503" elapsed="0.032013"/>
</kw>
<arg>${locator}</arg>
<arg>10s</arg>
<doc>Wait until the specified element is visible on the page.</doc>
<status status="PASS" start="2026-05-09T15:03:20.391737" elapsed="0.033973"/>
</kw>
<kw name="Click Element" owner="SeleniumLibrary">
<msg time="2026-05-09T15:03:20.426350" level="INFO">Clicking element 'xpath://button[contains(text(),'Đăng nhập')]'.</msg>
<arg>${locator}</arg>
<doc>Click the element identified by ``locator``.</doc>
<status status="PASS" start="2026-05-09T15:03:20.425988" elapsed="0.185566"/>
</kw>
<arg>${LOGIN_BTN}</arg>
<doc>Click on a specified element.</doc>
<status status="PASS" start="2026-05-09T15:03:20.390117" elapsed="0.221721"/>
</kw>
<kw name="Sleep" owner="BuiltIn">
<msg time="2026-05-09T15:03:22.613116" level="INFO">Slept 2 seconds.</msg>
<arg>2s</arg>
<doc>Pauses the test executed for the given time.</doc>
<status status="PASS" start="2026-05-09T15:03:20.612192" elapsed="2.001263"/>
</kw>
<kw name="Reload Current Page" owner="common_keywords">
<kw name="Log Info" owner="logger">
<msg time="2026-05-09T15:03:22.615305" level="INFO">[STEP] Reload current page</msg>
<msg time="2026-05-09T15:03:22.615431" level="INFO">[STEP] Reload current page</msg>
<arg>[STEP] Reload current page</arg>
<status status="PASS" start="2026-05-09T15:03:22.614705" elapsed="0.000856"/>
</kw>
<kw name="Step Log" owner="allure_helper">
<arg>Reload current page</arg>
<status status="PASS" start="2026-05-09T15:03:22.615877" elapsed="0.000366"/>
</kw>
<kw name="Press Keys" owner="SeleniumLibrary">
<msg time="2026-05-09T15:03:22.617446" level="INFO">Sending key(s) ('F5',) to page.</msg>
<msg time="2026-05-09T15:03:22.617651" level="INFO">Pressing special key F5 to browser.</msg>
<msg time="2026-05-09T15:03:22.617758" level="INFO">Releasing special key F5.</msg>
<arg>None</arg>
<arg>F5</arg>
<doc>Simulates the user pressing key(s) to an element or on the active browser.</doc>
<status status="PASS" start="2026-05-09T15:03:22.616551" elapsed="0.025843"/>
</kw>
<doc>Reload the current page.</doc>
<status status="PASS" start="2026-05-09T15:03:22.614038" elapsed="0.028543"/>
</kw>
<doc>Submit the login form</doc>
<status status="PASS" start="2026-05-09T15:03:20.389640" elapsed="2.253046"/>
</kw>
<kw name="Verify Element Text Contains" owner="verify">
<kw name="Wait Until Element Is Visible" owner="SeleniumLibrary">
<msg time="2026-05-09T15:03:32.821937" level="FAIL">Element 'xpath://div[@class='lf']//span[contains(text(),'Tài khoản')]' not visible after 10 seconds.</msg>
<arg>${locator}</arg>
<arg>10s</arg>
<doc>Waits until the element ``locator`` is visible.</doc>
<status status="FAIL" start="2026-05-09T15:03:22.643809" elapsed="10.181061">Element 'xpath://div[@class='lf']//span[contains(text(),'Tài khoản')]' not visible after 10 seconds.</status>
</kw>
<kw name="Wait Until Element Contains" owner="SeleniumLibrary">
<arg>${locator}</arg>
<arg>${expected}</arg>
<arg>3s</arg>
<doc>Waits until the element ``locator`` contains ``text``.</doc>
<status status="NOT RUN" start="2026-05-09T15:03:32.825137" elapsed="0.000048"/>
</kw>
<kw name="Get Text" owner="SeleniumLibrary">
<var>${text}</var>
<arg>${locator}</arg>
<doc>Returns the text value of the element identified by ``locator``.</doc>
<status status="NOT RUN" start="2026-05-09T15:03:32.825357" elapsed="0.000039"/>
</kw>
<kw name="Log Info" owner="logger">
<arg>[STEP] Text: ${text}</arg>
<status status="NOT RUN" start="2026-05-09T15:03:32.825539" elapsed="0.000037"/>
</kw>
<kw name="Log Info" owner="logger">
<arg>[STEP]</arg>
<arg>Expected: ${expected}</arg>
<status status="NOT RUN" start="2026-05-09T15:03:32.825706" elapsed="0.000037"/>
</kw>
<kw name="Should Contain" owner="BuiltIn">
<arg>${text}</arg>
<arg>${expected}</arg>
<doc>Fails if ``container`` does not contain ``item`` one or more times.</doc>
<status status="NOT RUN" start="2026-05-09T15:03:32.825882" elapsed="0.000038"/>
</kw>
<kw name="Step Log" owner="allure_helper">
<arg>Element text verified.</arg>
<status status="NOT RUN" start="2026-05-09T15:03:32.826055" elapsed="0.000035"/>
</kw>
<arg>${ACCOUNT_PAGE}</arg>
<arg>Tài khoản</arg>
<doc>Verify that the text of the element located by the given locator contains the expected text.</doc>
<status status="FAIL" start="2026-05-09T15:03:22.643264" elapsed="10.182990">Element 'xpath://div[@class='lf']//span[contains(text(),'Tài khoản')]' not visible after 10 seconds.</status>
</kw>
<kw name="Verify Page Contains Element" owner="verify">
<arg>${LOGOUT_BTN}</arg>
<doc>Verify that the page contains the specified element.</doc>
<status status="NOT RUN" start="2026-05-09T15:03:32.826961" elapsed="0.000066"/>
</kw>
<kw name="Run Keywords" owner="BuiltIn" type="TEARDOWN">
<kw name="Run Keyword If Test Failed" owner="BuiltIn">
<kw name="Handle Test Failure" owner="base_test">
<kw name="Log" owner="BuiltIn">
<msg time="2026-05-09T15:03:32.829583" level="INFO">Test failed: login Auto Test 1</msg>
<arg>Test failed: ${TEST NAME}</arg>
<doc>Logs the given message with the given level.</doc>
<status status="PASS" start="2026-05-09T15:03:32.829277" elapsed="0.000385"/>
</kw>
<kw name="Step Log" owner="allure_helper">
<arg>Test failed: ${TEST NAME}</arg>
<status status="PASS" start="2026-05-09T15:03:32.829838" elapsed="0.000229"/>
</kw>
<kw name="Get Current Date" owner="DateTime">
<msg time="2026-05-09T15:03:32.830510" level="INFO">${timestamp} = 20260509_150332</msg>
<var>${timestamp}</var>
<arg>result_format=%Y%m%d_%H%M%S</arg>
<doc>Returns current local or UTC time with an optional increment.</doc>
<status status="PASS" start="2026-05-09T15:03:32.830216" elapsed="0.000336"/>
</kw>
<kw name="Replace String" owner="String">
<msg time="2026-05-09T15:03:32.831012" level="INFO">${clean_test_name} = login_Auto_Test_1</msg>
<var>${clean_test_name}</var>
<arg>${TEST NAME}</arg>
<arg>${SPACE}</arg>
<arg>_</arg>
<doc>Replaces ``search_for`` in the given ``string`` with ``replace_with``.</doc>
<status status="PASS" start="2026-05-09T15:03:32.830708" elapsed="0.000350"/>
</kw>
<kw name="Replace String" owner="String">
<msg time="2026-05-09T15:03:32.831468" level="INFO">${clean_test_name} = login_Auto_Test_1</msg>
<var>${clean_test_name}</var>
<arg>${clean_test_name}</arg>
<arg>:</arg>
<arg>_</arg>
<doc>Replaces ``search_for`` in the given ``string`` with ``replace_with``.</doc>
<status status="PASS" start="2026-05-09T15:03:32.831217" elapsed="0.000288"/>
</kw>
<kw name="Replace String" owner="String">
<msg time="2026-05-09T15:03:32.831907" level="INFO">${clean_test_name} = login_Auto_Test_1</msg>
<var>${clean_test_name}</var>
<arg>${clean_test_name}</arg>
<arg>/</arg>
<arg>_</arg>
<doc>Replaces ``search_for`` in the given ``string`` with ``replace_with``.</doc>
<status status="PASS" start="2026-05-09T15:03:32.831662" elapsed="0.000283"/>
</kw>
<kw name="Replace String" owner="String">
<msg time="2026-05-09T15:03:32.832358" level="INFO">${clean_test_name} = login_Auto_Test_1</msg>
<var>${clean_test_name}</var>
<arg>${clean_test_name}</arg>
<arg>\\</arg>
<arg>_</arg>
<doc>Replaces ``search_for`` in the given ``string`` with ``replace_with``.</doc>
<status status="PASS" start="2026-05-09T15:03:32.832102" elapsed="0.000295"/>
</kw>
<kw name="Set Variable" owner="BuiltIn">
<msg time="2026-05-09T15:03:32.832946" level="INFO">${dir} = D:\DoAnTotNghiep_NguyenQuyen_10122312\screenshots</msg>
<var>${dir}</var>
<arg>${OUTPUT DIR}${/}screenshots</arg>
<doc>Returns the given values which can then be assigned to a variables.</doc>
<status status="PASS" start="2026-05-09T15:03:32.832555" elapsed="0.000458"/>
</kw>
<kw name="Create Directory" owner="OperatingSystem">
<msg time="2026-05-09T15:03:32.833399" level="INFO" html="true">Directory '&lt;a href="file://D:\DoAnTotNghiep_NguyenQuyen_10122312\screenshots"&gt;D:\DoAnTotNghiep_NguyenQuyen_10122312\screenshots&lt;/a&gt;' already exists.</msg>
<arg>${dir}</arg>
<doc>Creates the specified directory.</doc>
<status status="PASS" start="2026-05-09T15:03:32.833167" elapsed="0.000307"/>
</kw>
<kw name="Set Variable" owner="BuiltIn">
<msg time="2026-05-09T15:03:32.834081" level="INFO">${path} = D:\DoAnTotNghiep_NguyenQuyen_10122312\screenshots\login_Auto_Test_1_20260509_150332.png</msg>
<var>${path}</var>
<arg>${dir}${/}${clean_test_name}_${timestamp}.png</arg>
<doc>Returns the given values which can then be assigned to a variables.</doc>
<status status="PASS" start="2026-05-09T15:03:32.833628" elapsed="0.000493"/>
</kw>
<kw name="Capture Page Screenshot" owner="SeleniumLibrary">
<msg time="2026-05-09T15:03:33.171245" level="INFO" html="true">&lt;/td&gt;&lt;/tr&gt;&lt;tr&gt;&lt;td colspan="3"&gt;&lt;a href="screenshots/login_Auto_Test_1_20260509_150332.png"&gt;&lt;img src="screenshots/login_Auto_Test_1_20260509_150332.png" width="800px"&gt;&lt;/a&gt;</msg>
<arg>${path}</arg>
<doc>Takes a screenshot of the current page and embeds it into a log file.</doc>
<status status="PASS" start="2026-05-09T15:03:32.834291" elapsed="0.337102"/>
</kw>
<kw name="Log" owner="BuiltIn">
<msg time="2026-05-09T15:03:33.172076" level="INFO">Screenshot saved at: D:\DoAnTotNghiep_NguyenQuyen_10122312\screenshots\login_Auto_Test_1_20260509_150332.png</msg>
<arg>Screenshot saved at: ${path}</arg>
<doc>Logs the given message with the given level.</doc>
<status status="PASS" start="2026-05-09T15:03:33.171650" elapsed="0.000501"/>
</kw>
<kw name="Step Log" owner="allure_helper">
<arg>Screenshot saved at: ${path}</arg>
<status status="PASS" start="2026-05-09T15:03:33.172313" elapsed="0.000239"/>
</kw>
<kw name="Attach Screenshot" owner="allure_helper">
<arg>${path}</arg>
<status status="PASS" start="2026-05-09T15:03:33.172709" elapsed="0.014795"/>
</kw>
<status status="PASS" start="2026-05-09T15:03:32.828846" elapsed="0.358837"/>
</kw>
<arg>Handle Test Failure</arg>
<doc>Runs the given keyword with the given arguments, if the test failed.</doc>
<status status="PASS" start="2026-05-09T15:03:32.828359" elapsed="0.359411"/>
</kw>
<kw name="Close Browser Suite" owner="base_test">
<kw name="Log Info" owner="logger">
<msg time="2026-05-09T15:03:33.188721" level="INFO">Close browser</msg>
<msg time="2026-05-09T15:03:33.188777" level="INFO">Close browser</msg>
<arg>Close browser</arg>
<status status="PASS" start="2026-05-09T15:03:33.188452" elapsed="0.000387"/>
</kw>
<kw name="Step Log" owner="allure_helper">
<arg>Close browser</arg>
<status status="PASS" start="2026-05-09T15:03:33.188989" elapsed="0.000179"/>
</kw>
<kw name="Close All Browsers" owner="SeleniumLibrary">
<doc>Closes all open browsers and resets the browser cache.</doc>
<status status="PASS" start="2026-05-09T15:03:33.189324" elapsed="2.283919"/>
</kw>
<status status="PASS" start="2026-05-09T15:03:33.188052" elapsed="2.285405"/>
</kw>
<arg>Run Keyword If Test Failed</arg>
<arg>Handle Test Failure</arg>
<arg>AND</arg>
<arg>Close Browser Suite</arg>
<doc>Executes all the given keywords in a sequence.</doc>
<status status="PASS" start="2026-05-09T15:03:32.827728" elapsed="2.645826"/>
</kw>
<doc>Auto generated from AI flow</doc>
<status status="FAIL" start="2026-05-09T15:03:16.195110" elapsed="19.278926">Element 'xpath://div[@class='lf']//span[contains(text(),'Tài khoản')]' not visible after 10 seconds.</status>
</test>
<status status="FAIL" start="2026-05-09T15:02:57.390702" elapsed="38.085392"/>
</suite>
<statistics>
<total>
<stat pass="2" fail="1" skip="0">All Tests</stat>
</total>
<tag>
</tag>
<suite>
<stat name="Login Auto" id="s1" pass="2" fail="1" skip="0">Login Auto</stat>
</suite>
</statistics>
<errors>
</errors>
</robot>
