<?xml version="1.0" encoding="UTF-8"?>
<robot generator="Robot 7.4.1 (Python 3.13.13 on win32)" generated="2026-05-10T16:00:26.360912" rpa="false" schemaversion="5">
<suite id="s1" name="Login Auto 20260510 150439" source="D:\DoAnTotNghiep_NguyenQuyen_10122312\tests\login_auto_20260510_150439.robot">
<test id="s1-t1" name="login Auto Test 1" line="18">
<kw name="Open Browser Suite" owner="base_test" type="SETUP">
<kw name="Init Logger" owner="logger">
<arg>${feature}</arg>
<status status="PASS" start="2026-05-10T16:00:26.597147" elapsed="0.000488"/>
</kw>
<kw name="Open Browser" owner="SeleniumLibrary">
<msg time="2026-05-10T16:00:26.598124" level="INFO">Opening browser 'edge' to base url 'about:blank'.</msg>
<arg>about:blank</arg>
<arg>edge</arg>
<doc>Opens a new browser instance to the optional ``url``.</doc>
<status status="PASS" start="2026-05-10T16:00:26.597925" elapsed="0.810302"/>
</kw>
<kw name="Maximize Browser Window" owner="SeleniumLibrary">
<doc>Maximizes current browser window.</doc>
<status status="PASS" start="2026-05-10T16:00:27.409638" elapsed="0.044044"/>
</kw>
<kw name="Log Info" owner="logger">
<msg time="2026-05-10T16:00:27.455606" level="INFO">================================</msg>
<msg time="2026-05-10T16:00:27.455888" level="INFO">================================</msg>
<arg>================================</arg>
<status status="PASS" start="2026-05-10T16:00:27.454164" elapsed="0.001893"/>
</kw>
<kw name="Log Info" owner="logger">
<msg time="2026-05-10T16:00:27.458771" level="INFO">Browser opened</msg>
<msg time="2026-05-10T16:00:27.458858" level="INFO">Browser opened</msg>
<arg>Browser opened</arg>
<status status="PASS" start="2026-05-10T16:00:27.458351" elapsed="0.000579"/>
</kw>
<kw name="Step Log" owner="allure_helper">
<arg>Browser opened</arg>
<status status="PASS" start="2026-05-10T16:00:27.460064" elapsed="0.000278"/>
</kw>
<arg>Login Feature</arg>
<status status="PASS" start="2026-05-10T16:00:26.596410" elapsed="0.864124"/>
</kw>
<kw name="Login To System" owner="login_business">
<kw name="Open Page" owner="common_keywords">
<kw name="Log Info" owner="logger">
<msg time="2026-05-10T16:00:27.462041" level="INFO">[STEP] Opening page: https://ella.vn/</msg>
<msg time="2026-05-10T16:00:27.462085" level="INFO">[STEP] Opening page: https://ella.vn/</msg>
<arg>[STEP]</arg>
<arg>Opening page: ${url}</arg>
<status status="PASS" start="2026-05-10T16:00:27.461775" elapsed="0.000357"/>
</kw>
<kw name="Step Log" owner="allure_helper">
<arg>Opening page: ${url}</arg>
<status status="PASS" start="2026-05-10T16:00:27.463541" elapsed="0.000488"/>
</kw>
<kw name="Go To" owner="SeleniumLibrary">
<msg time="2026-05-10T16:00:27.465962" level="INFO">Opening url 'https://ella.vn/'</msg>
<arg>${url}</arg>
<doc>Navigates the current browser window to the provided ``url``.</doc>
<status status="PASS" start="2026-05-10T16:00:27.464366" elapsed="1.513700"/>
</kw>
<kw name="Wait Until Page Contains Element" owner="SeleniumLibrary">
<arg>//body</arg>
<arg>10s</arg>
<doc>Waits until the element ``locator`` appears on the current page.</doc>
<status status="PASS" start="2026-05-10T16:00:28.978738" elapsed="0.009136"/>
</kw>
<arg>${URL}</arg>
<doc>Open a web page with the specified URL.</doc>
<status status="PASS" start="2026-05-10T16:00:27.461516" elapsed="1.526585"/>
</kw>
<kw name="Click On Element" owner="common_keywords">
<kw name="Log Info" owner="logger">
<msg time="2026-05-10T16:00:28.988811" level="INFO">[STEP] Click element xpath://div[@class='lf']//span[contains(text(),'Đăng nhập')]</msg>
<msg time="2026-05-10T16:00:28.988847" level="INFO">[STEP] Click element xpath://div[@class='lf']//span[contains(text(),'Đăng nhập')]</msg>
<arg>[STEP]</arg>
<arg>Click element ${locator}</arg>
<status status="PASS" start="2026-05-10T16:00:28.988584" elapsed="0.000298"/>
</kw>
<kw name="Step Log" owner="allure_helper">
<arg>Click element ${locator}</arg>
<status status="PASS" start="2026-05-10T16:00:28.989447" elapsed="0.000182"/>
</kw>
<kw name="Wait Until Element Visible Custom" owner="common_keywords">
<kw name="Log Info" owner="logger">
<msg time="2026-05-10T16:00:28.990241" level="INFO">[STEP] Wait until element xpath://div[@class='lf']//span[contains(text(),'Đăng nhập')] is visible with timeout 10s</msg>
<msg time="2026-05-10T16:00:28.990271" level="INFO">[STEP] Wait until element xpath://div[@class='lf']//span[contains(text(),'Đăng nhập')] is visible with timeout 10s</msg>
<arg>[STEP]</arg>
<arg>Wait until element ${locator} is visible with timeout ${timeout}</arg>
<status status="PASS" start="2026-05-10T16:00:28.990047" elapsed="0.000257"/>
</kw>
<kw name="Step Log" owner="allure_helper">
<arg>Wait until element ${locator} is visible with timeout ${timeout}</arg>
<status status="PASS" start="2026-05-10T16:00:28.990759" elapsed="0.000164"/>
</kw>
<kw name="Wait Until Element Is Visible" owner="SeleniumLibrary">
<arg>${locator}</arg>
<arg>${timeout}</arg>
<doc>Waits until the element ``locator`` is visible.</doc>
<status status="PASS" start="2026-05-10T16:00:28.991059" elapsed="0.019252"/>
</kw>
<arg>${locator}</arg>
<arg>10s</arg>
<doc>Wait until the specified element is visible on the page.</doc>
<status status="PASS" start="2026-05-10T16:00:28.989806" elapsed="0.020707"/>
</kw>
<kw name="Click Element" owner="SeleniumLibrary">
<msg time="2026-05-10T16:00:29.010906" level="INFO">Clicking element 'xpath://div[@class='lf']//span[contains(text(),'Đăng nhập')]'.</msg>
<arg>${locator}</arg>
<doc>Click the element identified by ``locator``.</doc>
<status status="PASS" start="2026-05-10T16:00:29.010701" elapsed="0.133797"/>
</kw>
<arg>${LOGIN_URL}</arg>
<doc>Click on a specified element.</doc>
<status status="PASS" start="2026-05-10T16:00:28.988324" elapsed="0.157377"/>
</kw>
<kw name="Input Text To Element" owner="common_keywords">
<kw name="Log Info" owner="logger">
<msg time="2026-05-10T16:00:29.147112" level="INFO">[STEP] Input text "ngvanhoan@gmail.com" to element css:input[placeholder='Email']</msg>
<msg time="2026-05-10T16:00:29.147239" level="INFO">[STEP] Input text "ngvanhoan@gmail.com" to element css:input[placeholder='Email']</msg>
<arg>[STEP]</arg>
<arg>Input text "${text}" to element ${locator}</arg>
<status status="PASS" start="2026-05-10T16:00:29.146681" elapsed="0.000696"/>
</kw>
<kw name="Step Log" owner="allure_helper">
<arg>Input text "${text}" to element ${locator}</arg>
<status status="PASS" start="2026-05-10T16:00:29.148676" elapsed="0.000649"/>
</kw>
<kw name="Wait Until Element Visible Custom" owner="common_keywords">
<kw name="Log Info" owner="logger">
<msg time="2026-05-10T16:00:29.151614" level="INFO">[STEP] Wait until element css:input[placeholder='Email'] is visible with timeout 10s</msg>
<msg time="2026-05-10T16:00:29.151739" level="INFO">[STEP] Wait until element css:input[placeholder='Email'] is visible with timeout 10s</msg>
<arg>[STEP]</arg>
<arg>Wait until element ${locator} is visible with timeout ${timeout}</arg>
<status status="PASS" start="2026-05-10T16:00:29.150814" elapsed="0.001059"/>
</kw>
<kw name="Step Log" owner="allure_helper">
<arg>Wait until element ${locator} is visible with timeout ${timeout}</arg>
<status status="PASS" start="2026-05-10T16:00:29.153282" elapsed="0.000336"/>
</kw>
<kw name="Wait Until Element Is Visible" owner="SeleniumLibrary">
<arg>${locator}</arg>
<arg>${timeout}</arg>
<doc>Waits until the element ``locator`` is visible.</doc>
<status status="PASS" start="2026-05-10T16:00:29.153876" elapsed="0.671544"/>
</kw>
<arg>${locator}</arg>
<arg>10s</arg>
<doc>Wait until the specified element is visible on the page.</doc>
<status status="PASS" start="2026-05-10T16:00:29.149995" elapsed="0.675888"/>
</kw>
<kw name="Clear Element Text" owner="SeleniumLibrary">
<arg>${locator}</arg>
<doc>Clears the value of the text-input-element identified by ``locator``.</doc>
<status status="PASS" start="2026-05-10T16:00:29.826338" elapsed="0.075429"/>
</kw>
<kw name="Input Text" owner="SeleniumLibrary">
<msg time="2026-05-10T16:00:29.903212" level="INFO">Typing text 'ngvanhoan@gmail.com' into text field 'css:input[placeholder='Email']'.</msg>
<arg>${locator}</arg>
<arg>${text}</arg>
<doc>Types the given ``text`` into the text field identified by ``locator``.</doc>
<status status="PASS" start="2026-05-10T16:00:29.902618" elapsed="0.127209"/>
</kw>
<arg>${EMAIL_INPUT}</arg>
<arg>${email}</arg>
<doc>Input text into a specified element.</doc>
<status status="PASS" start="2026-05-10T16:00:29.146163" elapsed="0.885204"/>
</kw>
<kw name="Input Text To Element" owner="common_keywords">
<kw name="Log Info" owner="logger">
<msg time="2026-05-10T16:00:30.033420" level="INFO">[STEP] Input text "123456789" to element css:input[placeholder='Password']</msg>
<msg time="2026-05-10T16:00:30.033506" level="INFO">[STEP] Input text "123456789" to element css:input[placeholder='Password']</msg>
<arg>[STEP]</arg>
<arg>Input text "${text}" to element ${locator}</arg>
<status status="PASS" start="2026-05-10T16:00:30.032893" elapsed="0.000706"/>
</kw>
<kw name="Step Log" owner="allure_helper">
<arg>Input text "${text}" to element ${locator}</arg>
<status status="PASS" start="2026-05-10T16:00:30.036436" elapsed="0.000680"/>
</kw>
<kw name="Wait Until Element Visible Custom" owner="common_keywords">
<kw name="Log Info" owner="logger">
<msg time="2026-05-10T16:00:30.038836" level="INFO">[STEP] Wait until element css:input[placeholder='Password'] is visible with timeout 10s</msg>
<msg time="2026-05-10T16:00:30.038929" level="INFO">[STEP] Wait until element css:input[placeholder='Password'] is visible with timeout 10s</msg>
<arg>[STEP]</arg>
<arg>Wait until element ${locator} is visible with timeout ${timeout}</arg>
<status status="PASS" start="2026-05-10T16:00:30.038288" elapsed="0.000738"/>
</kw>
<kw name="Step Log" owner="allure_helper">
<arg>Wait until element ${locator} is visible with timeout ${timeout}</arg>
<status status="PASS" start="2026-05-10T16:00:30.040221" elapsed="0.000445"/>
</kw>
<kw name="Wait Until Element Is Visible" owner="SeleniumLibrary">
<arg>${locator}</arg>
<arg>${timeout}</arg>
<doc>Waits until the element ``locator`` is visible.</doc>
<status status="PASS" start="2026-05-10T16:00:30.041028" elapsed="0.024464"/>
</kw>
<arg>${locator}</arg>
<arg>10s</arg>
<doc>Wait until the specified element is visible on the page.</doc>
<status status="PASS" start="2026-05-10T16:00:30.037663" elapsed="0.028198"/>
</kw>
<kw name="Clear Element Text" owner="SeleniumLibrary">
<arg>${locator}</arg>
<doc>Clears the value of the text-input-element identified by ``locator``.</doc>
<status status="PASS" start="2026-05-10T16:00:30.066241" elapsed="0.047056"/>
</kw>
<kw name="Input Text" owner="SeleniumLibrary">
<msg time="2026-05-10T16:00:30.114401" level="INFO">Typing text '123456789' into text field 'css:input[placeholder='Password']'.</msg>
<arg>${locator}</arg>
<arg>${text}</arg>
<doc>Types the given ``text`` into the text field identified by ``locator``.</doc>
<status status="PASS" start="2026-05-10T16:00:30.113987" elapsed="0.162072"/>
</kw>
<arg>${PASSWORD_INPUT}</arg>
<arg>${password}</arg>
<doc>Input text into a specified element.</doc>
<status status="PASS" start="2026-05-10T16:00:30.032174" elapsed="0.245175"/>
</kw>
<kw name="Click On Element" owner="common_keywords">
<kw name="Log Info" owner="logger">
<msg time="2026-05-10T16:00:30.279129" level="INFO">[STEP] Click element xpath://button[contains(text(),'Đăng nhập')]</msg>
<msg time="2026-05-10T16:00:30.279202" level="INFO">[STEP] Click element xpath://button[contains(text(),'Đăng nhập')]</msg>
<arg>[STEP]</arg>
<arg>Click element ${locator}</arg>
<status status="PASS" start="2026-05-10T16:00:30.278688" elapsed="0.000609"/>
</kw>
<kw name="Step Log" owner="allure_helper">
<arg>Click element ${locator}</arg>
<status status="PASS" start="2026-05-10T16:00:30.280239" elapsed="0.000357"/>
</kw>
<kw name="Wait Until Element Visible Custom" owner="common_keywords">
<kw name="Log Info" owner="logger">
<msg time="2026-05-10T16:00:30.281898" level="INFO">[STEP] Wait until element xpath://button[contains(text(),'Đăng nhập')] is visible with timeout 10s</msg>
<msg time="2026-05-10T16:00:30.281953" level="INFO">[STEP] Wait until element xpath://button[contains(text(),'Đăng nhập')] is visible with timeout 10s</msg>
<arg>[STEP]</arg>
<arg>Wait until element ${locator} is visible with timeout ${timeout}</arg>
<status status="PASS" start="2026-05-10T16:00:30.281482" elapsed="0.000549"/>
</kw>
<kw name="Step Log" owner="allure_helper">
<arg>Wait until element ${locator} is visible with timeout ${timeout}</arg>
<status status="PASS" start="2026-05-10T16:00:30.284542" elapsed="0.001460"/>
</kw>
<kw name="Wait Until Element Is Visible" owner="SeleniumLibrary">
<arg>${locator}</arg>
<arg>${timeout}</arg>
<doc>Waits until the element ``locator`` is visible.</doc>
<status status="PASS" start="2026-05-10T16:00:30.286872" elapsed="0.028793"/>
</kw>
<arg>${locator}</arg>
<arg>10s</arg>
<doc>Wait until the specified element is visible on the page.</doc>
<status status="PASS" start="2026-05-10T16:00:30.280998" elapsed="0.035038"/>
</kw>
<kw name="Click Element" owner="SeleniumLibrary">
<msg time="2026-05-10T16:00:30.316781" level="INFO">Clicking element 'xpath://button[contains(text(),'Đăng nhập')]'.</msg>
<arg>${locator}</arg>
<doc>Click the element identified by ``locator``.</doc>
<status status="PASS" start="2026-05-10T16:00:30.316398" elapsed="0.166266"/>
</kw>
<arg>${LOGIN_BTN}</arg>
<doc>Click on a specified element.</doc>
<status status="PASS" start="2026-05-10T16:00:30.277758" elapsed="0.206051"/>
</kw>
<kw name="Sleep" owner="BuiltIn">
<msg time="2026-05-10T16:00:32.485263" level="INFO">Slept 2 seconds.</msg>
<arg>2s</arg>
<doc>Pauses the test executed for the given time.</doc>
<status status="PASS" start="2026-05-10T16:00:30.484228" elapsed="2.001589"/>
</kw>
<arg>ngvanhoan@gmail.com</arg>
<arg>123456789</arg>
<doc>Perform login action</doc>
<status status="PASS" start="2026-05-10T16:00:27.461074" elapsed="5.028241"/>
</kw>
<kw name="Verify Element Text Contains" owner="verify">
<kw name="Wait Until Element Is Visible" owner="SeleniumLibrary">
<arg>${locator}</arg>
<arg>10s</arg>
<doc>Waits until the element ``locator`` is visible.</doc>
<status status="PASS" start="2026-05-10T16:00:32.492354" elapsed="0.048865"/>
</kw>
<kw name="Wait Until Element Contains" owner="SeleniumLibrary">
<arg>${locator}</arg>
<arg>${expected}</arg>
<arg>3s</arg>
<doc>Waits until the element ``locator`` contains ``text``.</doc>
<status status="PASS" start="2026-05-10T16:00:32.541919" elapsed="0.038271"/>
</kw>
<kw name="Get Text" owner="SeleniumLibrary">
<msg time="2026-05-10T16:00:32.609289" level="INFO">${text} = Tài khoản hoặc mật khẩu không chính xác</msg>
<var>${text}</var>
<arg>${locator}</arg>
<doc>Returns the text value of the element identified by ``locator``.</doc>
<status status="PASS" start="2026-05-10T16:00:32.580763" elapsed="0.028654"/>
</kw>
<kw name="Log Info" owner="logger">
<msg time="2026-05-10T16:00:32.611428" level="INFO">[STEP] Text: Tài khoản hoặc mật khẩu không chính xác</msg>
<msg time="2026-05-10T16:00:32.611520" level="INFO">[STEP] Text: Tài khoản hoặc mật khẩu không chính xác</msg>
<arg>[STEP] Text: ${text}</arg>
<status status="PASS" start="2026-05-10T16:00:32.610857" elapsed="0.000777"/>
</kw>
<kw name="Log Info" owner="logger">
<msg time="2026-05-10T16:00:32.613748" level="INFO">[STEP] Expected: Tài khoản hoặc mật khẩu không chính xác</msg>
<msg time="2026-05-10T16:00:32.613846" level="INFO">[STEP] Expected: Tài khoản hoặc mật khẩu không chính xác</msg>
<arg>[STEP]</arg>
<arg>Expected: ${expected}</arg>
<status status="PASS" start="2026-05-10T16:00:32.613182" elapsed="0.000773"/>
</kw>
<kw name="Should Contain" owner="BuiltIn">
<arg>${text}</arg>
<arg>${expected}</arg>
<doc>Fails if ``container`` does not contain ``item`` one or more times.</doc>
<status status="PASS" start="2026-05-10T16:00:32.615192" elapsed="0.001034"/>
</kw>
<kw name="Step Log" owner="allure_helper">
<arg>Element text verified.</arg>
<status status="PASS" start="2026-05-10T16:00:32.616870" elapsed="0.000389"/>
</kw>
<arg>${ERROR_MSG}</arg>
<arg>Tài khoản hoặc mật khẩu không chính xác</arg>
<doc>Verify that the text of the element located by the given locator contains the expected text.</doc>
<status status="PASS" start="2026-05-10T16:00:32.491055" elapsed="0.126527"/>
</kw>
<kw name="Run Keywords" owner="BuiltIn" type="TEARDOWN">
<kw name="Run Keyword If Test Failed" owner="BuiltIn">
<arg>Handle Test Failure</arg>
<doc>Runs the given keyword with the given arguments, if the test failed.</doc>
<status status="PASS" start="2026-05-10T16:00:32.619591" elapsed="0.000522"/>
</kw>
<kw name="Close Browser Suite" owner="base_test">
<kw name="Log Info" owner="logger">
<msg time="2026-05-10T16:00:32.621668" level="INFO">Close browser</msg>
<msg time="2026-05-10T16:00:32.621754" level="INFO">Close browser</msg>
<arg>Close browser</arg>
<status status="PASS" start="2026-05-10T16:00:32.621242" elapsed="0.000632"/>
</kw>
<kw name="Step Log" owner="allure_helper">
<arg>Close browser</arg>
<status status="PASS" start="2026-05-10T16:00:32.623234" elapsed="0.000452"/>
</kw>
<kw name="Close All Browsers" owner="SeleniumLibrary">
<doc>Closes all open browsers and resets the browser cache.</doc>
<status status="PASS" start="2026-05-10T16:00:32.624128" elapsed="2.227834"/>
</kw>
<status status="PASS" start="2026-05-10T16:00:32.620688" elapsed="2.232053"/>
</kw>
<arg>Run Keyword If Test Failed</arg>
<arg>Handle Test Failure</arg>
<arg>AND</arg>
<arg>Close Browser Suite</arg>
<doc>Executes all the given keywords in a sequence.</doc>
<status status="PASS" start="2026-05-10T16:00:32.618578" elapsed="2.234570"/>
</kw>
<doc>Auto generated from AI flow</doc>
<status status="PASS" start="2026-05-10T16:00:26.595363" elapsed="8.259022"/>
</test>
<test id="s1-t2" name="login Auto Test 2" line="24">
<kw name="Open Browser Suite" owner="base_test" type="SETUP">
<kw name="Init Logger" owner="logger">
<arg>${feature}</arg>
<status status="PASS" start="2026-05-10T16:00:34.866480" elapsed="0.000837"/>
</kw>
<kw name="Open Browser" owner="SeleniumLibrary">
<msg time="2026-05-10T16:00:34.868314" level="INFO">Opening browser 'edge' to base url 'about:blank'.</msg>
<arg>about:blank</arg>
<arg>edge</arg>
<doc>Opens a new browser instance to the optional ``url``.</doc>
<status status="PASS" start="2026-05-10T16:00:34.867912" elapsed="0.764010"/>
</kw>
<kw name="Maximize Browser Window" owner="SeleniumLibrary">
<doc>Maximizes current browser window.</doc>
<status status="PASS" start="2026-05-10T16:00:35.633311" elapsed="0.046622"/>
</kw>
<kw name="Log Info" owner="logger">
<msg time="2026-05-10T16:00:35.680686" level="INFO">================================</msg>
<msg time="2026-05-10T16:00:35.680747" level="INFO">================================</msg>
<arg>================================</arg>
<status status="PASS" start="2026-05-10T16:00:35.680330" elapsed="0.000487"/>
</kw>
<kw name="Log Info" owner="logger">
<msg time="2026-05-10T16:00:35.682068" level="INFO">Browser opened</msg>
<msg time="2026-05-10T16:00:35.682132" level="INFO">Browser opened</msg>
<arg>Browser opened</arg>
<status status="PASS" start="2026-05-10T16:00:35.681743" elapsed="0.000459"/>
</kw>
<kw name="Step Log" owner="allure_helper">
<arg>Browser opened</arg>
<status status="PASS" start="2026-05-10T16:00:35.683284" elapsed="0.000357"/>
</kw>
<arg>Login Feature</arg>
<status status="PASS" start="2026-05-10T16:00:34.865778" elapsed="0.818136"/>
</kw>
<kw name="Login To System" owner="login_business">
<kw name="Open Page" owner="common_keywords">
<kw name="Log Info" owner="logger">
<msg time="2026-05-10T16:00:35.686062" level="INFO">[STEP] Opening page: https://ella.vn/</msg>
<msg time="2026-05-10T16:00:35.686128" level="INFO">[STEP] Opening page: https://ella.vn/</msg>
<arg>[STEP]</arg>
<arg>Opening page: ${url}</arg>
<status status="PASS" start="2026-05-10T16:00:35.685638" elapsed="0.000562"/>
</kw>
<kw name="Step Log" owner="allure_helper">
<arg>Opening page: ${url}</arg>
<status status="PASS" start="2026-05-10T16:00:35.688125" elapsed="0.000433"/>
</kw>
<kw name="Go To" owner="SeleniumLibrary">
<msg time="2026-05-10T16:00:35.689153" level="INFO">Opening url 'https://ella.vn/'</msg>
<arg>${url}</arg>
<doc>Navigates the current browser window to the provided ``url``.</doc>
<status status="PASS" start="2026-05-10T16:00:35.688923" elapsed="1.576618"/>
</kw>
<kw name="Wait Until Page Contains Element" owner="SeleniumLibrary">
<arg>//body</arg>
<arg>10s</arg>
<doc>Waits until the element ``locator`` appears on the current page.</doc>
<status status="PASS" start="2026-05-10T16:00:37.267723" elapsed="0.031137"/>
</kw>
<arg>${URL}</arg>
<doc>Open a web page with the specified URL.</doc>
<status status="PASS" start="2026-05-10T16:00:35.685192" elapsed="1.614334"/>
</kw>
<kw name="Click On Element" owner="common_keywords">
<kw name="Log Info" owner="logger">
<msg time="2026-05-10T16:00:37.303238" level="INFO">[STEP] Click element xpath://div[@class='lf']//span[contains(text(),'Đăng nhập')]</msg>
<msg time="2026-05-10T16:00:37.303365" level="INFO">[STEP] Click element xpath://div[@class='lf']//span[contains(text(),'Đăng nhập')]</msg>
<arg>[STEP]</arg>
<arg>Click element ${locator}</arg>
<status status="PASS" start="2026-05-10T16:00:37.301850" elapsed="0.001637"/>
</kw>
<kw name="Step Log" owner="allure_helper">
<arg>Click element ${locator}</arg>
<status status="PASS" start="2026-05-10T16:00:37.305195" elapsed="0.000776"/>
</kw>
<kw name="Wait Until Element Visible Custom" owner="common_keywords">
<kw name="Log Info" owner="logger">
<msg time="2026-05-10T16:00:37.309221" level="INFO">[STEP] Wait until element xpath://div[@class='lf']//span[contains(text(),'Đăng nhập')] is visible with timeout 10s</msg>
<msg time="2026-05-10T16:00:37.309385" level="INFO">[STEP] Wait until element xpath://div[@class='lf']//span[contains(text(),'Đăng nhập')] is visible with timeout 10s</msg>
<arg>[STEP]</arg>
<arg>Wait until element ${locator} is visible with timeout ${timeout}</arg>
<status status="PASS" start="2026-05-10T16:00:37.308186" elapsed="0.001389"/>
</kw>
<kw name="Step Log" owner="allure_helper">
<arg>Wait until element ${locator} is visible with timeout ${timeout}</arg>
<status status="PASS" start="2026-05-10T16:00:37.312081" elapsed="0.000955"/>
</kw>
<kw name="Wait Until Element Is Visible" owner="SeleniumLibrary">
<arg>${locator}</arg>
<arg>${timeout}</arg>
<doc>Waits until the element ``locator`` is visible.</doc>
<status status="PASS" start="2026-05-10T16:00:37.313924" elapsed="0.063860"/>
</kw>
<arg>${locator}</arg>
<arg>10s</arg>
<doc>Wait until the specified element is visible on the page.</doc>
<status status="PASS" start="2026-05-10T16:00:37.306881" elapsed="0.071323"/>
</kw>
<kw name="Click Element" owner="SeleniumLibrary">
<msg time="2026-05-10T16:00:37.379182" level="INFO">Clicking element 'xpath://div[@class='lf']//span[contains(text(),'Đăng nhập')]'.</msg>
<arg>${locator}</arg>
<doc>Click the element identified by ``locator``.</doc>
<status status="PASS" start="2026-05-10T16:00:37.378653" elapsed="0.118984"/>
</kw>
<arg>${LOGIN_URL}</arg>
<doc>Click on a specified element.</doc>
<status status="PASS" start="2026-05-10T16:00:37.300451" elapsed="0.198094"/>
</kw>
<kw name="Input Text To Element" owner="common_keywords">
<kw name="Log Info" owner="logger">
<msg time="2026-05-10T16:00:37.500507" level="INFO">[STEP] Input text "tuyetmai999" to element css:input[placeholder='Email']</msg>
<msg time="2026-05-10T16:00:37.500634" level="INFO">[STEP] Input text "tuyetmai999" to element css:input[placeholder='Email']</msg>
<arg>[STEP]</arg>
<arg>Input text "${text}" to element ${locator}</arg>
<status status="PASS" start="2026-05-10T16:00:37.499738" elapsed="0.001038"/>
</kw>
<kw name="Step Log" owner="allure_helper">
<arg>Input text "${text}" to element ${locator}</arg>
<status status="PASS" start="2026-05-10T16:00:37.503621" elapsed="0.000864"/>
</kw>
<kw name="Wait Until Element Visible Custom" owner="common_keywords">
<kw name="Log Info" owner="logger">
<msg time="2026-05-10T16:00:37.507284" level="INFO">[STEP] Wait until element css:input[placeholder='Email'] is visible with timeout 10s</msg>
<msg time="2026-05-10T16:00:37.507419" level="INFO">[STEP] Wait until element css:input[placeholder='Email'] is visible with timeout 10s</msg>
<arg>[STEP]</arg>
<arg>Wait until element ${locator} is visible with timeout ${timeout}</arg>
<status status="PASS" start="2026-05-10T16:00:37.506511" elapsed="0.001070"/>
</kw>
<kw name="Step Log" owner="allure_helper">
<arg>Wait until element ${locator} is visible with timeout ${timeout}</arg>
<status status="PASS" start="2026-05-10T16:00:37.509364" elapsed="0.000740"/>
</kw>
<kw name="Wait Until Element Is Visible" owner="SeleniumLibrary">
<arg>${locator}</arg>
<arg>${timeout}</arg>
<doc>Waits until the element ``locator`` is visible.</doc>
<status status="PASS" start="2026-05-10T16:00:37.510705" elapsed="0.679156"/>
</kw>
<arg>${locator}</arg>
<arg>10s</arg>
<doc>Wait until the specified element is visible on the page.</doc>
<status status="PASS" start="2026-05-10T16:00:37.505514" elapsed="0.684957"/>
</kw>
<kw name="Clear Element Text" owner="SeleniumLibrary">
<arg>${locator}</arg>
<doc>Clears the value of the text-input-element identified by ``locator``.</doc>
<status status="PASS" start="2026-05-10T16:00:38.191405" elapsed="0.073088"/>
</kw>
<kw name="Input Text" owner="SeleniumLibrary">
<msg time="2026-05-10T16:00:38.265437" level="INFO">Typing text 'tuyetmai999' into text field 'css:input[placeholder='Email']'.</msg>
<arg>${locator}</arg>
<arg>${text}</arg>
<doc>Types the given ``text`` into the text field identified by ``locator``.</doc>
<status status="PASS" start="2026-05-10T16:00:38.264996" elapsed="0.128604"/>
</kw>
<arg>${EMAIL_INPUT}</arg>
<arg>${email}</arg>
<doc>Input text into a specified element.</doc>
<status status="PASS" start="2026-05-10T16:00:37.498934" elapsed="0.895895"/>
</kw>
<kw name="Input Text To Element" owner="common_keywords">
<kw name="Log Info" owner="logger">
<msg time="2026-05-10T16:00:38.396530" level="INFO">[STEP] Input text "tuyetmai99" to element css:input[placeholder='Password']</msg>
<msg time="2026-05-10T16:00:38.396628" level="INFO">[STEP] Input text "tuyetmai99" to element css:input[placeholder='Password']</msg>
<arg>[STEP]</arg>
<arg>Input text "${text}" to element ${locator}</arg>
<status status="PASS" start="2026-05-10T16:00:38.395942" elapsed="0.000787"/>
</kw>
<kw name="Step Log" owner="allure_helper">
<arg>Input text "${text}" to element ${locator}</arg>
<status status="PASS" start="2026-05-10T16:00:38.397927" elapsed="0.000565"/>
</kw>
<kw name="Wait Until Element Visible Custom" owner="common_keywords">
<kw name="Log Info" owner="logger">
<msg time="2026-05-10T16:00:38.400150" level="INFO">[STEP] Wait until element css:input[placeholder='Password'] is visible with timeout 10s</msg>
<msg time="2026-05-10T16:00:38.400231" level="INFO">[STEP] Wait until element css:input[placeholder='Password'] is visible with timeout 10s</msg>
<arg>[STEP]</arg>
<arg>Wait until element ${locator} is visible with timeout ${timeout}</arg>
<status status="PASS" start="2026-05-10T16:00:38.399639" elapsed="0.000684"/>
</kw>
<kw name="Step Log" owner="allure_helper">
<arg>Wait until element ${locator} is visible with timeout ${timeout}</arg>
<status status="PASS" start="2026-05-10T16:00:38.403403" elapsed="0.000532"/>
</kw>
<kw name="Wait Until Element Is Visible" owner="SeleniumLibrary">
<arg>${locator}</arg>
<arg>${timeout}</arg>
<doc>Waits until the element ``locator`` is visible.</doc>
<status status="PASS" start="2026-05-10T16:00:38.404297" elapsed="0.018997"/>
</kw>
<arg>${locator}</arg>
<arg>10s</arg>
<doc>Wait until the specified element is visible on the page.</doc>
<status status="PASS" start="2026-05-10T16:00:38.399005" elapsed="0.024745"/>
</kw>
<kw name="Clear Element Text" owner="SeleniumLibrary">
<arg>${locator}</arg>
<doc>Clears the value of the text-input-element identified by ``locator``.</doc>
<status status="PASS" start="2026-05-10T16:00:38.424107" elapsed="0.030312"/>
</kw>
<kw name="Input Text" owner="SeleniumLibrary">
<msg time="2026-05-10T16:00:38.455241" level="INFO">Typing text 'tuyetmai99' into text field 'css:input[placeholder='Password']'.</msg>
<arg>${locator}</arg>
<arg>${text}</arg>
<doc>Types the given ``text`` into the text field identified by ``locator``.</doc>
<status status="PASS" start="2026-05-10T16:00:38.454868" elapsed="0.122347"/>
</kw>
<arg>${PASSWORD_INPUT}</arg>
<arg>${password}</arg>
<doc>Input text into a specified element.</doc>
<status status="PASS" start="2026-05-10T16:00:38.395303" elapsed="0.183495"/>
</kw>
<kw name="Click On Element" owner="common_keywords">
<kw name="Log Info" owner="logger">
<msg time="2026-05-10T16:00:38.581065" level="INFO">[STEP] Click element xpath://button[contains(text(),'Đăng nhập')]</msg>
<msg time="2026-05-10T16:00:38.581171" level="INFO">[STEP] Click element xpath://button[contains(text(),'Đăng nhập')]</msg>
<arg>[STEP]</arg>
<arg>Click element ${locator}</arg>
<status status="PASS" start="2026-05-10T16:00:38.580473" elapsed="0.000813"/>
</kw>
<kw name="Step Log" owner="allure_helper">
<arg>Click element ${locator}</arg>
<status status="PASS" start="2026-05-10T16:00:38.582721" elapsed="0.000788"/>
</kw>
<kw name="Wait Until Element Visible Custom" owner="common_keywords">
<kw name="Log Info" owner="logger">
<msg time="2026-05-10T16:00:38.587121" level="INFO">[STEP] Wait until element xpath://button[contains(text(),'Đăng nhập')] is visible with timeout 10s</msg>
<msg time="2026-05-10T16:00:38.587346" level="INFO">[STEP] Wait until element xpath://button[contains(text(),'Đăng nhập')] is visible with timeout 10s</msg>
<arg>[STEP]</arg>
<arg>Wait until element ${locator} is visible with timeout ${timeout}</arg>
<status status="PASS" start="2026-05-10T16:00:38.586101" elapsed="0.001458"/>
</kw>
<kw name="Step Log" owner="allure_helper">
<arg>Wait until element ${locator} is visible with timeout ${timeout}</arg>
<status status="PASS" start="2026-05-10T16:00:38.588868" elapsed="0.000641"/>
</kw>
<kw name="Wait Until Element Is Visible" owner="SeleniumLibrary">
<arg>${locator}</arg>
<arg>${timeout}</arg>
<doc>Waits until the element ``locator`` is visible.</doc>
<status status="PASS" start="2026-05-10T16:00:38.590397" elapsed="0.024585"/>
</kw>
<arg>${locator}</arg>
<arg>10s</arg>
<doc>Wait until the specified element is visible on the page.</doc>
<status status="PASS" start="2026-05-10T16:00:38.584500" elapsed="0.030870"/>
</kw>
<kw name="Click Element" owner="SeleniumLibrary">
<msg time="2026-05-10T16:00:38.616252" level="INFO">Clicking element 'xpath://button[contains(text(),'Đăng nhập')]'.</msg>
<arg>${locator}</arg>
<doc>Click the element identified by ``locator``.</doc>
<status status="PASS" start="2026-05-10T16:00:38.615749" elapsed="0.121540"/>
</kw>
<arg>${LOGIN_BTN}</arg>
<doc>Click on a specified element.</doc>
<status status="PASS" start="2026-05-10T16:00:38.579656" elapsed="0.159026"/>
</kw>
<kw name="Sleep" owner="BuiltIn">
<msg time="2026-05-10T16:00:40.740371" level="INFO">Slept 2 seconds.</msg>
<arg>2s</arg>
<doc>Pauses the test executed for the given time.</doc>
<status status="PASS" start="2026-05-10T16:00:38.739098" elapsed="2.001442"/>
</kw>
<arg>tuyetmai999</arg>
<arg>tuyetmai99</arg>
<doc>Perform login action</doc>
<status status="PASS" start="2026-05-10T16:00:35.684590" elapsed="5.057031"/>
</kw>
<kw name="Verify Element Text Contains" owner="verify">
<kw name="Wait Until Element Is Visible" owner="SeleniumLibrary">
<arg>${locator}</arg>
<arg>10s</arg>
<doc>Waits until the element ``locator`` is visible.</doc>
<status status="PASS" start="2026-05-10T16:00:40.743230" elapsed="0.038685"/>
</kw>
<kw name="Wait Until Element Contains" owner="SeleniumLibrary">
<arg>${locator}</arg>
<arg>${expected}</arg>
<arg>3s</arg>
<doc>Waits until the element ``locator`` contains ``text``.</doc>
<status status="PASS" start="2026-05-10T16:00:40.782382" elapsed="0.042857"/>
</kw>
<kw name="Get Text" owner="SeleniumLibrary">
<msg time="2026-05-10T16:00:40.863372" level="INFO">${text} = Tài khoản hoặc mật khẩu không chính xác</msg>
<var>${text}</var>
<arg>${locator}</arg>
<doc>Returns the text value of the element identified by ``locator``.</doc>
<status status="PASS" start="2026-05-10T16:00:40.826027" elapsed="0.037473"/>
</kw>
<kw name="Log Info" owner="logger">
<msg time="2026-05-10T16:00:40.865658" level="INFO">[STEP] Text: Tài khoản hoặc mật khẩu không chính xác</msg>
<msg time="2026-05-10T16:00:40.865756" level="INFO">[STEP] Text: Tài khoản hoặc mật khẩu không chính xác</msg>
<arg>[STEP] Text: ${text}</arg>
<status status="PASS" start="2026-05-10T16:00:40.865064" elapsed="0.000792"/>
</kw>
<kw name="Log Info" owner="logger">
<msg time="2026-05-10T16:00:40.867718" level="INFO">[STEP] Expected: Tài khoản hoặc mật khẩu không chính xác</msg>
<msg time="2026-05-10T16:00:40.867812" level="INFO">[STEP] Expected: Tài khoản hoặc mật khẩu không chính xác</msg>
<arg>[STEP]</arg>
<arg>Expected: ${expected}</arg>
<status status="PASS" start="2026-05-10T16:00:40.867199" elapsed="0.000706"/>
</kw>
<kw name="Should Contain" owner="BuiltIn">
<arg>${text}</arg>
<arg>${expected}</arg>
<doc>Fails if ``container`` does not contain ``item`` one or more times.</doc>
<status status="PASS" start="2026-05-10T16:00:40.869845" elapsed="0.000788"/>
</kw>
<kw name="Step Log" owner="allure_helper">
<arg>Element text verified.</arg>
<status status="PASS" start="2026-05-10T16:00:40.871040" elapsed="0.000313"/>
</kw>
<arg>${ERROR_MSG}</arg>
<arg>Tài khoản hoặc mật khẩu không chính xác</arg>
<doc>Verify that the text of the element located by the given locator contains the expected text.</doc>
<status status="PASS" start="2026-05-10T16:00:40.742550" elapsed="0.129087"/>
</kw>
<kw name="Run Keywords" owner="BuiltIn" type="TEARDOWN">
<kw name="Run Keyword If Test Failed" owner="BuiltIn">
<arg>Handle Test Failure</arg>
<doc>Runs the given keyword with the given arguments, if the test failed.</doc>
<status status="PASS" start="2026-05-10T16:00:40.872976" elapsed="0.000346"/>
</kw>
<kw name="Close Browser Suite" owner="base_test">
<kw name="Log Info" owner="logger">
<msg time="2026-05-10T16:00:40.874454" level="INFO">Close browser</msg>
<msg time="2026-05-10T16:00:40.874516" level="INFO">Close browser</msg>
<arg>Close browser</arg>
<status status="PASS" start="2026-05-10T16:00:40.874132" elapsed="0.000453"/>
</kw>
<kw name="Step Log" owner="allure_helper">
<arg>Close browser</arg>
<status status="PASS" start="2026-05-10T16:00:40.875510" elapsed="0.000304"/>
</kw>
<kw name="Close All Browsers" owner="SeleniumLibrary">
<doc>Closes all open browsers and resets the browser cache.</doc>
<status status="PASS" start="2026-05-10T16:00:40.876124" elapsed="2.241742"/>
</kw>
<status status="PASS" start="2026-05-10T16:00:40.873703" elapsed="2.245111"/>
</kw>
<arg>Run Keyword If Test Failed</arg>
<arg>Handle Test Failure</arg>
<arg>AND</arg>
<arg>Close Browser Suite</arg>
<doc>Executes all the given keywords in a sequence.</doc>
<status status="PASS" start="2026-05-10T16:00:40.872333" elapsed="2.246984"/>
</kw>
<doc>Auto generated from AI flow</doc>
<status status="PASS" start="2026-05-10T16:00:34.864331" elapsed="8.256121"/>
</test>
<test id="s1-t3" name="login Auto Test 3" line="30">
<kw name="Open Browser Suite" owner="base_test" type="SETUP">
<kw name="Init Logger" owner="logger">
<arg>${feature}</arg>
<status status="PASS" start="2026-05-10T16:00:43.130278" elapsed="0.000740"/>
</kw>
<kw name="Open Browser" owner="SeleniumLibrary">
<msg time="2026-05-10T16:00:43.131990" level="INFO">Opening browser 'edge' to base url 'about:blank'.</msg>
<arg>about:blank</arg>
<arg>edge</arg>
<doc>Opens a new browser instance to the optional ``url``.</doc>
<status status="PASS" start="2026-05-10T16:00:43.131605" elapsed="0.716938"/>
</kw>
<kw name="Maximize Browser Window" owner="SeleniumLibrary">
<doc>Maximizes current browser window.</doc>
<status status="PASS" start="2026-05-10T16:00:43.849677" elapsed="0.028075"/>
</kw>
<kw name="Log Info" owner="logger">
<msg time="2026-05-10T16:00:43.878473" level="INFO">================================</msg>
<msg time="2026-05-10T16:00:43.878530" level="INFO">================================</msg>
<arg>================================</arg>
<status status="PASS" start="2026-05-10T16:00:43.878129" elapsed="0.000465"/>
</kw>
<kw name="Log Info" owner="logger">
<msg time="2026-05-10T16:00:43.880066" level="INFO">Browser opened</msg>
<msg time="2026-05-10T16:00:43.880123" level="INFO">Browser opened</msg>
<arg>Browser opened</arg>
<status status="PASS" start="2026-05-10T16:00:43.879766" elapsed="0.000421"/>
</kw>
<kw name="Step Log" owner="allure_helper">
<arg>Browser opened</arg>
<status status="PASS" start="2026-05-10T16:00:43.881040" elapsed="0.002633"/>
</kw>
<arg>Login Feature</arg>
<status status="PASS" start="2026-05-10T16:00:43.129705" elapsed="0.754314"/>
</kw>
<kw name="Login To System" owner="login_business">
<kw name="Open Page" owner="common_keywords">
<kw name="Log Info" owner="logger">
<msg time="2026-05-10T16:00:43.887815" level="INFO">[STEP] Opening page: https://ella.vn/</msg>
<msg time="2026-05-10T16:00:43.887930" level="INFO">[STEP] Opening page: https://ella.vn/</msg>
<arg>[STEP]</arg>
<arg>Opening page: ${url}</arg>
<status status="PASS" start="2026-05-10T16:00:43.886723" elapsed="0.001295"/>
</kw>
<kw name="Step Log" owner="allure_helper">
<arg>Opening page: ${url}</arg>
<status status="PASS" start="2026-05-10T16:00:43.890340" elapsed="0.001173"/>
</kw>
<kw name="Go To" owner="SeleniumLibrary">
<msg time="2026-05-10T16:00:43.893374" level="INFO">Opening url 'https://ella.vn/'</msg>
<arg>${url}</arg>
<doc>Navigates the current browser window to the provided ``url``.</doc>
<status status="PASS" start="2026-05-10T16:00:43.892587" elapsed="1.600792"/>
</kw>
<kw name="Wait Until Page Contains Element" owner="SeleniumLibrary">
<arg>//body</arg>
<arg>10s</arg>
<doc>Waits until the element ``locator`` appears on the current page.</doc>
<status status="PASS" start="2026-05-10T16:00:45.494678" elapsed="0.016103"/>
</kw>
<arg>${URL}</arg>
<doc>Open a web page with the specified URL.</doc>
<status status="PASS" start="2026-05-10T16:00:43.885939" elapsed="1.625358"/>
</kw>
<kw name="Click On Element" owner="common_keywords">
<kw name="Log Info" owner="logger">
<msg time="2026-05-10T16:00:45.513189" level="INFO">[STEP] Click element xpath://div[@class='lf']//span[contains(text(),'Đăng nhập')]</msg>
<msg time="2026-05-10T16:00:45.513332" level="INFO">[STEP] Click element xpath://div[@class='lf']//span[contains(text(),'Đăng nhập')]</msg>
<arg>[STEP]</arg>
<arg>Click element ${locator}</arg>
<status status="PASS" start="2026-05-10T16:00:45.512553" elapsed="0.000932"/>
</kw>
<kw name="Step Log" owner="allure_helper">
<arg>Click element ${locator}</arg>
<status status="PASS" start="2026-05-10T16:00:45.515666" elapsed="0.000784"/>
</kw>
<kw name="Wait Until Element Visible Custom" owner="common_keywords">
<kw name="Log Info" owner="logger">
<msg time="2026-05-10T16:00:45.518893" level="INFO">[STEP] Wait until element xpath://div[@class='lf']//span[contains(text(),'Đăng nhập')] is visible with timeout 10s</msg>
<msg time="2026-05-10T16:00:45.519035" level="INFO">[STEP] Wait until element xpath://div[@class='lf']//span[contains(text(),'Đăng nhập')] is visible with timeout 10s</msg>
<arg>[STEP]</arg>
<arg>Wait until element ${locator} is visible with timeout ${timeout}</arg>
<status status="PASS" start="2026-05-10T16:00:45.518021" elapsed="0.001166"/>
</kw>
<kw name="Step Log" owner="allure_helper">
<arg>Wait until element ${locator} is visible with timeout ${timeout}</arg>
<status status="PASS" start="2026-05-10T16:00:45.520927" elapsed="0.000723"/>
</kw>
<kw name="Wait Until Element Is Visible" owner="SeleniumLibrary">
<arg>${locator}</arg>
<arg>${timeout}</arg>
<doc>Waits until the element ``locator`` is visible.</doc>
<status status="PASS" start="2026-05-10T16:00:45.522258" elapsed="0.067057"/>
</kw>
<arg>${locator}</arg>
<arg>10s</arg>
<doc>Wait until the specified element is visible on the page.</doc>
<status status="PASS" start="2026-05-10T16:00:45.517116" elapsed="0.072746"/>
</kw>
<kw name="Click Element" owner="SeleniumLibrary">
<msg time="2026-05-10T16:00:45.590642" level="INFO">Clicking element 'xpath://div[@class='lf']//span[contains(text(),'Đăng nhập')]'.</msg>
<arg>${locator}</arg>
<doc>Click the element identified by ``locator``.</doc>
<status status="PASS" start="2026-05-10T16:00:45.590267" elapsed="0.177418"/>
</kw>
<arg>${LOGIN_URL}</arg>
<doc>Click on a specified element.</doc>
<status status="PASS" start="2026-05-10T16:00:45.511907" elapsed="0.258389"/>
</kw>
<kw name="Input Text To Element" owner="common_keywords">
<kw name="Log Info" owner="logger">
<msg time="2026-05-10T16:00:45.771619" level="INFO">[STEP] Input text "ngvanhoan@gmail.com" to element css:input[placeholder='Email']</msg>
<msg time="2026-05-10T16:00:45.771677" level="INFO">[STEP] Input text "ngvanhoan@gmail.com" to element css:input[placeholder='Email']</msg>
<arg>[STEP]</arg>
<arg>Input text "${text}" to element ${locator}</arg>
<status status="PASS" start="2026-05-10T16:00:45.771249" elapsed="0.000500"/>
</kw>
<kw name="Step Log" owner="allure_helper">
<arg>Input text "${text}" to element ${locator}</arg>
<status status="PASS" start="2026-05-10T16:00:45.772767" elapsed="0.000431"/>
</kw>
<kw name="Wait Until Element Visible Custom" owner="common_keywords">
<kw name="Log Info" owner="logger">
<msg time="2026-05-10T16:00:45.774474" level="INFO">[STEP] Wait until element css:input[placeholder='Email'] is visible with timeout 10s</msg>
<msg time="2026-05-10T16:00:45.774541" level="INFO">[STEP] Wait until element css:input[placeholder='Email'] is visible with timeout 10s</msg>
<arg>[STEP]</arg>
<arg>Wait until element ${locator} is visible with timeout ${timeout}</arg>
<status status="PASS" start="2026-05-10T16:00:45.774064" elapsed="0.000556"/>
</kw>
<kw name="Step Log" owner="allure_helper">
<arg>Wait until element ${locator} is visible with timeout ${timeout}</arg>
<status status="PASS" start="2026-05-10T16:00:45.777194" elapsed="0.000489"/>
</kw>
<kw name="Wait Until Element Is Visible" owner="SeleniumLibrary">
<arg>${locator}</arg>
<arg>${timeout}</arg>
<doc>Waits until the element ``locator`` is visible.</doc>
<status status="PASS" start="2026-05-10T16:00:45.778070" elapsed="0.683943"/>
</kw>
<arg>${locator}</arg>
<arg>10s</arg>
<doc>Wait until the specified element is visible on the page.</doc>
<status status="PASS" start="2026-05-10T16:00:45.773590" elapsed="0.689025"/>
</kw>
<kw name="Clear Element Text" owner="SeleniumLibrary">
<arg>${locator}</arg>
<doc>Clears the value of the text-input-element identified by ``locator``.</doc>
<status status="PASS" start="2026-05-10T16:00:46.463202" elapsed="0.076798"/>
</kw>
<kw name="Input Text" owner="SeleniumLibrary">
<msg time="2026-05-10T16:00:46.541323" level="INFO">Typing text 'ngvanhoan@gmail.com' into text field 'css:input[placeholder='Email']'.</msg>
<arg>${locator}</arg>
<arg>${text}</arg>
<doc>Types the given ``text`` into the text field identified by ``locator``.</doc>
<status status="PASS" start="2026-05-10T16:00:46.540706" elapsed="0.221299"/>
</kw>
<arg>${EMAIL_INPUT}</arg>
<arg>${email}</arg>
<doc>Input text into a specified element.</doc>
<status status="PASS" start="2026-05-10T16:00:45.770736" elapsed="0.992970"/>
</kw>
<kw name="Input Text To Element" owner="common_keywords">
<kw name="Log Info" owner="logger">
<msg time="2026-05-10T16:00:46.765241" level="INFO">[STEP] Input text "" to element css:input[placeholder='Password']</msg>
<msg time="2026-05-10T16:00:46.765295" level="INFO">[STEP] Input text "" to element css:input[placeholder='Password']</msg>
<arg>[STEP]</arg>
<arg>Input text "${text}" to element ${locator}</arg>
<status status="PASS" start="2026-05-10T16:00:46.764886" elapsed="0.000474"/>
</kw>
<kw name="Step Log" owner="allure_helper">
<arg>Input text "${text}" to element ${locator}</arg>
<status status="PASS" start="2026-05-10T16:00:46.766220" elapsed="0.000364"/>
</kw>
<kw name="Wait Until Element Visible Custom" owner="common_keywords">
<kw name="Log Info" owner="logger">
<msg time="2026-05-10T16:00:46.768095" level="INFO">[STEP] Wait until element css:input[placeholder='Password'] is visible with timeout 10s</msg>
<msg time="2026-05-10T16:00:46.768313" level="INFO">[STEP] Wait until element css:input[placeholder='Password'] is visible with timeout 10s</msg>
<arg>[STEP]</arg>
<arg>Wait until element ${locator} is visible with timeout ${timeout}</arg>
<status status="PASS" start="2026-05-10T16:00:46.767391" elapsed="0.001169"/>
</kw>
<kw name="Step Log" owner="allure_helper">
<arg>Wait until element ${locator} is visible with timeout ${timeout}</arg>
<status status="PASS" start="2026-05-10T16:00:46.771263" elapsed="0.001132"/>
</kw>
<kw name="Wait Until Element Is Visible" owner="SeleniumLibrary">
<arg>${locator}</arg>
<arg>${timeout}</arg>
<doc>Waits until the element ``locator`` is visible.</doc>
<status status="PASS" start="2026-05-10T16:00:46.773273" elapsed="0.023163"/>
</kw>
<arg>${locator}</arg>
<arg>10s</arg>
<doc>Wait until the specified element is visible on the page.</doc>
<status status="PASS" start="2026-05-10T16:00:46.766932" elapsed="0.029886"/>
</kw>
<kw name="Clear Element Text" owner="SeleniumLibrary">
<arg>${locator}</arg>
<doc>Clears the value of the text-input-element identified by ``locator``.</doc>
<status status="PASS" start="2026-05-10T16:00:46.797202" elapsed="0.047832"/>
</kw>
<kw name="Input Text" owner="SeleniumLibrary">
<msg time="2026-05-10T16:00:46.846146" level="INFO">Typing text '' into text field 'css:input[placeholder='Password']'.</msg>
<arg>${locator}</arg>
<arg>${text}</arg>
<doc>Types the given ``text`` into the text field identified by ``locator``.</doc>
<status status="PASS" start="2026-05-10T16:00:46.845634" elapsed="0.154083"/>
</kw>
<arg>${PASSWORD_INPUT}</arg>
<arg>${password}</arg>
<doc>Input text into a specified element.</doc>
<status status="PASS" start="2026-05-10T16:00:46.764228" elapsed="0.237779"/>
</kw>
<kw name="Click On Element" owner="common_keywords">
<kw name="Log Info" owner="logger">
<msg time="2026-05-10T16:00:47.004057" level="INFO">[STEP] Click element xpath://button[contains(text(),'Đăng nhập')]</msg>
<msg time="2026-05-10T16:00:47.004173" level="INFO">[STEP] Click element xpath://button[contains(text(),'Đăng nhập')]</msg>
<arg>[STEP]</arg>
<arg>Click element ${locator}</arg>
<status status="PASS" start="2026-05-10T16:00:47.003560" elapsed="0.000741"/>
</kw>
<kw name="Step Log" owner="allure_helper">
<arg>Click element ${locator}</arg>
<status status="PASS" start="2026-05-10T16:00:47.005885" elapsed="0.000555"/>
</kw>
<kw name="Wait Until Element Visible Custom" owner="common_keywords">
<kw name="Log Info" owner="logger">
<msg time="2026-05-10T16:00:47.008524" level="INFO">[STEP] Wait until element xpath://button[contains(text(),'Đăng nhập')] is visible with timeout 10s</msg>
<msg time="2026-05-10T16:00:47.008634" level="INFO">[STEP] Wait until element xpath://button[contains(text(),'Đăng nhập')] is visible with timeout 10s</msg>
<arg>[STEP]</arg>
<arg>Wait until element ${locator} is visible with timeout ${timeout}</arg>
<status status="PASS" start="2026-05-10T16:00:47.007860" elapsed="0.000895"/>
</kw>
<kw name="Step Log" owner="allure_helper">
<arg>Wait until element ${locator} is visible with timeout ${timeout}</arg>
<status status="PASS" start="2026-05-10T16:00:47.010182" elapsed="0.000558"/>
</kw>
<kw name="Wait Until Element Is Visible" owner="SeleniumLibrary">
<arg>${locator}</arg>
<arg>${timeout}</arg>
<doc>Waits until the element ``locator`` is visible.</doc>
<status status="PASS" start="2026-05-10T16:00:47.011259" elapsed="0.037632"/>
</kw>
<arg>${locator}</arg>
<arg>10s</arg>
<doc>Wait until the specified element is visible on the page.</doc>
<status status="PASS" start="2026-05-10T16:00:47.007067" elapsed="0.042464"/>
</kw>
<kw name="Click Element" owner="SeleniumLibrary">
<msg time="2026-05-10T16:00:47.050730" level="INFO">Clicking element 'xpath://button[contains(text(),'Đăng nhập')]'.</msg>
<arg>${locator}</arg>
<doc>Click the element identified by ``locator``.</doc>
<status status="PASS" start="2026-05-10T16:00:47.050145" elapsed="0.169461"/>
</kw>
<arg>${LOGIN_BTN}</arg>
<doc>Click on a specified element.</doc>
<status status="PASS" start="2026-05-10T16:00:47.002806" elapsed="0.218811"/>
</kw>
<kw name="Sleep" owner="BuiltIn">
<msg time="2026-05-10T16:00:49.224040" level="INFO">Slept 2 seconds.</msg>
<arg>2s</arg>
<doc>Pauses the test executed for the given time.</doc>
<status status="PASS" start="2026-05-10T16:00:47.222360" elapsed="2.002151"/>
</kw>
<arg>ngvanhoan@gmail.com</arg>
<arg>${EMPTY}</arg>
<doc>Perform login action</doc>
<status status="PASS" start="2026-05-10T16:00:43.884693" elapsed="5.345054"/>
</kw>
<kw name="Verify Required Field Message" owner="verify">
<kw name="Execute Javascript" owner="SeleniumLibrary">
<msg time="2026-05-10T16:00:49.234230" level="INFO">Executing JavaScript:
var el = document.activeElement;if (el) {el.reportValidity();return el.validationMessage;}return "";
Without any arguments.</msg>
<msg time="2026-05-10T16:00:49.260371" level="INFO">${message} = Please fill out this field.</msg>
<var>${message}</var>
<arg>var el = document.activeElement;</arg>
<arg>if (el) {</arg>
<arg>el.reportValidity();</arg>
<arg>return el.validationMessage;</arg>
<arg>}</arg>
<arg>return "";</arg>
<doc>Executes the given JavaScript code with possible arguments.</doc>
<status status="PASS" start="2026-05-10T16:00:49.232779" elapsed="0.027747"/>
</kw>
<kw name="Log Info" owner="logger">
<msg time="2026-05-10T16:00:49.263747" level="INFO">[STEP] Actual validation message: Please fill out this field.</msg>
<msg time="2026-05-10T16:00:49.263885" level="INFO">[STEP] Actual validation message: Please fill out this field.</msg>
<arg>[STEP]</arg>
<arg>Actual validation message: ${message}</arg>
<status status="PASS" start="2026-05-10T16:00:49.262900" elapsed="0.001142"/>
</kw>
<kw name="Log Info" owner="logger">
<msg time="2026-05-10T16:00:49.268378" level="INFO">[STEP] Expected validation message: Please fill out this field.</msg>
<msg time="2026-05-10T16:00:49.268645" level="INFO">[STEP] Expected validation message: Please fill out this field.</msg>
<arg>[STEP]</arg>
<arg>Expected validation message: ${expected}</arg>
<status status="PASS" start="2026-05-10T16:00:49.266642" elapsed="0.002289"/>
</kw>
<if>
<branch type="IF" condition="'${expected}' == 'required' or '${expected}' == 'invalid'">
<kw name="Should Not Be Empty" owner="BuiltIn">
<arg>${message}</arg>
<doc>Verifies that the given item is not empty.</doc>
<status status="NOT RUN" start="2026-05-10T16:00:49.274628" elapsed="0.000318"/>
</kw>
<status status="NOT RUN" start="2026-05-10T16:00:49.272836" elapsed="0.002818"/>
</branch>
<branch type="ELSE">
<kw name="Should Contain" owner="BuiltIn">
<arg>${message}</arg>
<arg>${expected}</arg>
<doc>Fails if ``container`` does not contain ``item`` one or more times.</doc>
<status status="PASS" start="2026-05-10T16:00:49.276914" elapsed="0.001609"/>
</kw>
<status status="PASS" start="2026-05-10T16:00:49.276294" elapsed="0.002799"/>
</branch>
<status status="PASS" start="2026-05-10T16:00:49.272681" elapsed="0.006906"/>
</if>
<kw name="Step Log" owner="allure_helper">
<arg>Validation message verified.</arg>
<status status="PASS" start="2026-05-10T16:00:49.279965" elapsed="0.000659"/>
</kw>
<arg>Please fill out this field.</arg>
<doc>Verify the validation message for required fields or invalid input.</doc>
<status status="PASS" start="2026-05-10T16:00:49.231779" elapsed="0.049368"/>
</kw>
<kw name="Run Keywords" owner="BuiltIn" type="TEARDOWN">
<kw name="Run Keyword If Test Failed" owner="BuiltIn">
<arg>Handle Test Failure</arg>
<doc>Runs the given keyword with the given arguments, if the test failed.</doc>
<status status="PASS" start="2026-05-10T16:00:49.283987" elapsed="0.000815"/>
</kw>
<kw name="Close Browser Suite" owner="base_test">
<kw name="Log Info" owner="logger">
<msg time="2026-05-10T16:00:49.288399" level="INFO">Close browser</msg>
<msg time="2026-05-10T16:00:49.288586" level="INFO">Close browser</msg>
<arg>Close browser</arg>
<status status="PASS" start="2026-05-10T16:00:49.287485" elapsed="0.001299"/>
</kw>
<kw name="Step Log" owner="allure_helper">
<arg>Close browser</arg>
<status status="PASS" start="2026-05-10T16:00:49.293623" elapsed="0.000817"/>
</kw>
<kw name="Close All Browsers" owner="SeleniumLibrary">
<doc>Closes all open browsers and resets the browser cache.</doc>
<status status="PASS" start="2026-05-10T16:00:49.295227" elapsed="2.255398"/>
</kw>
<status status="PASS" start="2026-05-10T16:00:49.286157" elapsed="2.265183"/>
</kw>
<arg>Run Keyword If Test Failed</arg>
<arg>Handle Test Failure</arg>
<arg>AND</arg>
<arg>Close Browser Suite</arg>
<doc>Executes all the given keywords in a sequence.</doc>
<status status="PASS" start="2026-05-10T16:00:49.282628" elapsed="2.269098"/>
</kw>
<doc>Auto generated from AI flow</doc>
<status status="PASS" start="2026-05-10T16:00:43.128560" elapsed="8.424119"/>
</test>
<test id="s1-t4" name="login Auto Test 4" line="36">
<kw name="Open Browser Suite" owner="base_test" type="SETUP">
<kw name="Init Logger" owner="logger">
<arg>${feature}</arg>
<status status="PASS" start="2026-05-10T16:00:51.562611" elapsed="0.000979"/>
</kw>
<kw name="Open Browser" owner="SeleniumLibrary">
<msg time="2026-05-10T16:00:51.564395" level="INFO">Opening browser 'edge' to base url 'about:blank'.</msg>
<arg>about:blank</arg>
<arg>edge</arg>
<doc>Opens a new browser instance to the optional ``url``.</doc>
<status status="PASS" start="2026-05-10T16:00:51.564058" elapsed="0.700387"/>
</kw>
<kw name="Maximize Browser Window" owner="SeleniumLibrary">
<doc>Maximizes current browser window.</doc>
<status status="PASS" start="2026-05-10T16:00:52.265525" elapsed="0.030632"/>
</kw>
<kw name="Log Info" owner="logger">
<msg time="2026-05-10T16:00:52.296976" level="INFO">================================</msg>
<msg time="2026-05-10T16:00:52.297043" level="INFO">================================</msg>
<arg>================================</arg>
<status status="PASS" start="2026-05-10T16:00:52.296590" elapsed="0.000532"/>
</kw>
<kw name="Log Info" owner="logger">
<msg time="2026-05-10T16:00:52.300859" level="INFO">Browser opened</msg>
<msg time="2026-05-10T16:00:52.301006" level="INFO">Browser opened</msg>
<arg>Browser opened</arg>
<status status="PASS" start="2026-05-10T16:00:52.298133" elapsed="0.002993"/>
</kw>
<kw name="Step Log" owner="allure_helper">
<arg>Browser opened</arg>
<status status="PASS" start="2026-05-10T16:00:52.302766" elapsed="0.000654"/>
</kw>
<arg>Login Feature</arg>
<status status="PASS" start="2026-05-10T16:00:51.561955" elapsed="0.741865"/>
</kw>
<kw name="Login To System" owner="login_business">
<kw name="Open Page" owner="common_keywords">
<kw name="Log Info" owner="logger">
<msg time="2026-05-10T16:00:52.306193" level="INFO">[STEP] Opening page: https://ella.vn/</msg>
<msg time="2026-05-10T16:00:52.306258" level="INFO">[STEP] Opening page: https://ella.vn/</msg>
<arg>[STEP]</arg>
<arg>Opening page: ${url}</arg>
<status status="PASS" start="2026-05-10T16:00:52.305765" elapsed="0.000565"/>
</kw>
<kw name="Step Log" owner="allure_helper">
<arg>Opening page: ${url}</arg>
<status status="PASS" start="2026-05-10T16:00:52.307475" elapsed="0.000367"/>
</kw>
<kw name="Go To" owner="SeleniumLibrary">
<msg time="2026-05-10T16:00:52.308490" level="INFO">Opening url 'https://ella.vn/'</msg>
<arg>${url}</arg>
<doc>Navigates the current browser window to the provided ``url``.</doc>
<status status="PASS" start="2026-05-10T16:00:52.308194" elapsed="1.644841"/>
</kw>
<kw name="Wait Until Page Contains Element" owner="SeleniumLibrary">
<arg>//body</arg>
<arg>10s</arg>
<doc>Waits until the element ``locator`` appears on the current page.</doc>
<status status="PASS" start="2026-05-10T16:00:53.954839" elapsed="0.026019"/>
</kw>
<arg>${URL}</arg>
<doc>Open a web page with the specified URL.</doc>
<status status="PASS" start="2026-05-10T16:00:52.305342" elapsed="1.675887"/>
</kw>
<kw name="Click On Element" owner="common_keywords">
<kw name="Log Info" owner="logger">
<msg time="2026-05-10T16:00:53.982552" level="INFO">[STEP] Click element xpath://div[@class='lf']//span[contains(text(),'Đăng nhập')]</msg>
<msg time="2026-05-10T16:00:53.982617" level="INFO">[STEP] Click element xpath://div[@class='lf']//span[contains(text(),'Đăng nhập')]</msg>
<arg>[STEP]</arg>
<arg>Click element ${locator}</arg>
<status status="PASS" start="2026-05-10T16:00:53.982180" elapsed="0.000509"/>
</kw>
<kw name="Step Log" owner="allure_helper">
<arg>Click element ${locator}</arg>
<status status="PASS" start="2026-05-10T16:00:53.983681" elapsed="0.000614"/>
</kw>
<kw name="Wait Until Element Visible Custom" owner="common_keywords">
<kw name="Log Info" owner="logger">
<msg time="2026-05-10T16:00:53.986223" level="INFO">[STEP] Wait until element xpath://div[@class='lf']//span[contains(text(),'Đăng nhập')] is visible with timeout 10s</msg>
<msg time="2026-05-10T16:00:53.986326" level="INFO">[STEP] Wait until element xpath://div[@class='lf']//span[contains(text(),'Đăng nhập')] is visible with timeout 10s</msg>
<arg>[STEP]</arg>
<arg>Wait until element ${locator} is visible with timeout ${timeout}</arg>
<status status="PASS" start="2026-05-10T16:00:53.985592" elapsed="0.000836"/>
</kw>
<kw name="Step Log" owner="allure_helper">
<arg>Wait until element ${locator} is visible with timeout ${timeout}</arg>
<status status="PASS" start="2026-05-10T16:00:53.988282" elapsed="0.000841"/>
</kw>
<kw name="Wait Until Element Is Visible" owner="SeleniumLibrary">
<arg>${locator}</arg>
<arg>${timeout}</arg>
<doc>Waits until the element ``locator`` is visible.</doc>
<status status="PASS" start="2026-05-10T16:00:53.989712" elapsed="0.063369"/>
</kw>
<arg>${locator}</arg>
<arg>10s</arg>
<doc>Wait until the specified element is visible on the page.</doc>
<status status="PASS" start="2026-05-10T16:00:53.984974" elapsed="0.068751"/>
</kw>
<kw name="Click Element" owner="SeleniumLibrary">
<msg time="2026-05-10T16:00:54.055084" level="INFO">Clicking element 'xpath://div[@class='lf']//span[contains(text(),'Đăng nhập')]'.</msg>
<arg>${locator}</arg>
<doc>Click the element identified by ``locator``.</doc>
<status status="PASS" start="2026-05-10T16:00:54.054427" elapsed="0.137429"/>
</kw>
<arg>${LOGIN_URL}</arg>
<doc>Click on a specified element.</doc>
<status status="PASS" start="2026-05-10T16:00:53.981663" elapsed="0.211858"/>
</kw>
<kw name="Input Text To Element" owner="common_keywords">
<kw name="Log Info" owner="logger">
<msg time="2026-05-10T16:00:54.195739" level="INFO">[STEP] Input text "" to element css:input[placeholder='Email']</msg>
<msg time="2026-05-10T16:00:54.195861" level="INFO">[STEP] Input text "" to element css:input[placeholder='Email']</msg>
<arg>[STEP]</arg>
<arg>Input text "${text}" to element ${locator}</arg>
<status status="PASS" start="2026-05-10T16:00:54.195064" elapsed="0.000922"/>
</kw>
<kw name="Step Log" owner="allure_helper">
<arg>Input text "${text}" to element ${locator}</arg>
<status status="PASS" start="2026-05-10T16:00:54.197366" elapsed="0.000607"/>
</kw>
<kw name="Wait Until Element Visible Custom" owner="common_keywords">
<kw name="Log Info" owner="logger">
<msg time="2026-05-10T16:00:54.199934" level="INFO">[STEP] Wait until element css:input[placeholder='Email'] is visible with timeout 10s</msg>
<msg time="2026-05-10T16:00:54.200025" level="INFO">[STEP] Wait until element css:input[placeholder='Email'] is visible with timeout 10s</msg>
<arg>[STEP]</arg>
<arg>Wait until element ${locator} is visible with timeout ${timeout}</arg>
<status status="PASS" start="2026-05-10T16:00:54.199380" elapsed="0.000758"/>
</kw>
<kw name="Step Log" owner="allure_helper">
<arg>Wait until element ${locator} is visible with timeout ${timeout}</arg>
<status status="PASS" start="2026-05-10T16:00:54.201622" elapsed="0.000624"/>
</kw>
<kw name="Wait Until Element Is Visible" owner="SeleniumLibrary">
<arg>${locator}</arg>
<arg>${timeout}</arg>
<doc>Waits until the element ``locator`` is visible.</doc>
<status status="PASS" start="2026-05-10T16:00:54.202714" elapsed="0.893942"/>
</kw>
<arg>${locator}</arg>
<arg>10s</arg>
<doc>Wait until the specified element is visible on the page.</doc>
<status status="PASS" start="2026-05-10T16:00:54.198585" elapsed="0.898622"/>
</kw>
<kw name="Clear Element Text" owner="SeleniumLibrary">
<arg>${locator}</arg>
<doc>Clears the value of the text-input-element identified by ``locator``.</doc>
<status status="PASS" start="2026-05-10T16:00:55.097829" elapsed="0.069160"/>
</kw>
<kw name="Input Text" owner="SeleniumLibrary">
<msg time="2026-05-10T16:00:55.168565" level="INFO">Typing text '' into text field 'css:input[placeholder='Email']'.</msg>
<arg>${locator}</arg>
<arg>${text}</arg>
<doc>Types the given ``text`` into the text field identified by ``locator``.</doc>
<status status="PASS" start="2026-05-10T16:00:55.167861" elapsed="0.156692"/>
</kw>
<arg>${EMAIL_INPUT}</arg>
<arg>${email}</arg>
<doc>Input text into a specified element.</doc>
<status status="PASS" start="2026-05-10T16:00:54.194179" elapsed="1.134381"/>
</kw>
<kw name="Input Text To Element" owner="common_keywords">
<kw name="Log Info" owner="logger">
<msg time="2026-05-10T16:00:55.332230" level="INFO">[STEP] Input text "123456789" to element css:input[placeholder='Password']</msg>
<msg time="2026-05-10T16:00:55.332305" level="INFO">[STEP] Input text "123456789" to element css:input[placeholder='Password']</msg>
<arg>[STEP]</arg>
<arg>Input text "${text}" to element ${locator}</arg>
<status status="PASS" start="2026-05-10T16:00:55.331446" elapsed="0.000943"/>
</kw>
<kw name="Step Log" owner="allure_helper">
<arg>Input text "${text}" to element ${locator}</arg>
<status status="PASS" start="2026-05-10T16:00:55.333793" elapsed="0.001003"/>
</kw>
<kw name="Wait Until Element Visible Custom" owner="common_keywords">
<kw name="Log Info" owner="logger">
<msg time="2026-05-10T16:00:55.338431" level="INFO">[STEP] Wait until element css:input[placeholder='Password'] is visible with timeout 10s</msg>
<msg time="2026-05-10T16:00:55.338592" level="INFO">[STEP] Wait until element css:input[placeholder='Password'] is visible with timeout 10s</msg>
<arg>[STEP]</arg>
<arg>Wait until element ${locator} is visible with timeout ${timeout}</arg>
<status status="PASS" start="2026-05-10T16:00:55.337399" elapsed="0.001349"/>
</kw>
<kw name="Step Log" owner="allure_helper">
<arg>Wait until element ${locator} is visible with timeout ${timeout}</arg>
<status status="PASS" start="2026-05-10T16:00:55.340214" elapsed="0.001157"/>
</kw>
<kw name="Wait Until Element Is Visible" owner="SeleniumLibrary">
<arg>${locator}</arg>
<arg>${timeout}</arg>
<doc>Waits until the element ``locator`` is visible.</doc>
<status status="PASS" start="2026-05-10T16:00:55.342178" elapsed="0.033264"/>
</kw>
<arg>${locator}</arg>
<arg>10s</arg>
<doc>Wait until the specified element is visible on the page.</doc>
<status status="PASS" start="2026-05-10T16:00:55.336047" elapsed="0.039788"/>
</kw>
<kw name="Clear Element Text" owner="SeleniumLibrary">
<arg>${locator}</arg>
<doc>Clears the value of the text-input-element identified by ``locator``.</doc>
<status status="PASS" start="2026-05-10T16:00:55.376215" elapsed="0.053175"/>
</kw>
<kw name="Input Text" owner="SeleniumLibrary">
<msg time="2026-05-10T16:00:55.430925" level="INFO">Typing text '123456789' into text field 'css:input[placeholder='Password']'.</msg>
<arg>${locator}</arg>
<arg>${text}</arg>
<doc>Types the given ``text`` into the text field identified by ``locator``.</doc>
<status status="PASS" start="2026-05-10T16:00:55.430212" elapsed="0.164754"/>
</kw>
<arg>${PASSWORD_INPUT}</arg>
<arg>${password}</arg>
<doc>Input text into a specified element.</doc>
<status status="PASS" start="2026-05-10T16:00:55.329933" elapsed="0.266222"/>
</kw>
<kw name="Click On Element" owner="common_keywords">
<kw name="Log Info" owner="logger">
<msg time="2026-05-10T16:00:55.597723" level="INFO">[STEP] Click element xpath://button[contains(text(),'Đăng nhập')]</msg>
<msg time="2026-05-10T16:00:55.597800" level="INFO">[STEP] Click element xpath://button[contains(text(),'Đăng nhập')]</msg>
<arg>[STEP]</arg>
<arg>Click element ${locator}</arg>
<status status="PASS" start="2026-05-10T16:00:55.597274" elapsed="0.000616"/>
</kw>
<kw name="Step Log" owner="allure_helper">
<arg>Click element ${locator}</arg>
<status status="PASS" start="2026-05-10T16:00:55.600257" elapsed="0.000443"/>
</kw>
<kw name="Wait Until Element Visible Custom" owner="common_keywords">
<kw name="Log Info" owner="logger">
<msg time="2026-05-10T16:00:55.603041" level="INFO">[STEP] Wait until element xpath://button[contains(text(),'Đăng nhập')] is visible with timeout 10s</msg>
<msg time="2026-05-10T16:00:55.603195" level="INFO">[STEP] Wait until element xpath://button[contains(text(),'Đăng nhập')] is visible with timeout 10s</msg>
<arg>[STEP]</arg>
<arg>Wait until element ${locator} is visible with timeout ${timeout}</arg>
<status status="PASS" start="2026-05-10T16:00:55.602158" elapsed="0.001296"/>
</kw>
<kw name="Step Log" owner="allure_helper">
<arg>Wait until element ${locator} is visible with timeout ${timeout}</arg>
<status status="PASS" start="2026-05-10T16:00:55.605371" elapsed="0.000806"/>
</kw>
<kw name="Wait Until Element Is Visible" owner="SeleniumLibrary">
<arg>${locator}</arg>
<arg>${timeout}</arg>
<doc>Waits until the element ``locator`` is visible.</doc>
<status status="PASS" start="2026-05-10T16:00:55.606570" elapsed="0.038187"/>
</kw>
<arg>${locator}</arg>
<arg>10s</arg>
<doc>Wait until the specified element is visible on the page.</doc>
<status status="PASS" start="2026-05-10T16:00:55.601240" elapsed="0.043891"/>
</kw>
<kw name="Click Element" owner="SeleniumLibrary">
<msg time="2026-05-10T16:00:55.645857" level="INFO">Clicking element 'xpath://button[contains(text(),'Đăng nhập')]'.</msg>
<arg>${locator}</arg>
<doc>Click the element identified by ``locator``.</doc>
<status status="PASS" start="2026-05-10T16:00:55.645522" elapsed="0.146270"/>
</kw>
<arg>${LOGIN_BTN}</arg>
<doc>Click on a specified element.</doc>
<status status="PASS" start="2026-05-10T16:00:55.596662" elapsed="0.196344"/>
</kw>
<kw name="Sleep" owner="BuiltIn">
<msg time="2026-05-10T16:00:57.794927" level="INFO">Slept 2 seconds.</msg>
<arg>2s</arg>
<doc>Pauses the test executed for the given time.</doc>
<status status="PASS" start="2026-05-10T16:00:55.793444" elapsed="2.001911"/>
</kw>
<arg>${EMPTY}</arg>
<arg>123456789</arg>
<doc>Perform login action</doc>
<status status="PASS" start="2026-05-10T16:00:52.304458" elapsed="5.494078"/>
</kw>
<kw name="Verify Required Field Message" owner="verify">
<kw name="Execute Javascript" owner="SeleniumLibrary">
<msg time="2026-05-10T16:00:57.803608" level="INFO">Executing JavaScript:
var el = document.activeElement;if (el) {el.reportValidity();return el.validationMessage;}return "";
Without any arguments.</msg>
<msg time="2026-05-10T16:00:57.830495" level="INFO">${message} = Please fill out this field.</msg>
<var>${message}</var>
<arg>var el = document.activeElement;</arg>
<arg>if (el) {</arg>
<arg>el.reportValidity();</arg>
<arg>return el.validationMessage;</arg>
<arg>}</arg>
<arg>return "";</arg>
<doc>Executes the given JavaScript code with possible arguments.</doc>
<status status="PASS" start="2026-05-10T16:00:57.801732" elapsed="0.028916"/>
</kw>
<kw name="Log Info" owner="logger">
<msg time="2026-05-10T16:00:57.837395" level="INFO">[STEP] Actual validation message: Please fill out this field.</msg>
<msg time="2026-05-10T16:00:57.837746" level="INFO">[STEP] Actual validation message: Please fill out this field.</msg>
<arg>[STEP]</arg>
<arg>Actual validation message: ${message}</arg>
<status status="PASS" start="2026-05-10T16:00:57.835362" elapsed="0.002683"/>
</kw>
<kw name="Log Info" owner="logger">
<msg time="2026-05-10T16:00:57.843387" level="INFO">[STEP] Expected validation message: Please fill out this field.</msg>
<msg time="2026-05-10T16:00:57.843591" level="INFO">[STEP] Expected validation message: Please fill out this field.</msg>
<arg>[STEP]</arg>
<arg>Expected validation message: ${expected}</arg>
<status status="PASS" start="2026-05-10T16:00:57.842020" elapsed="0.001798"/>
</kw>
<if>
<branch type="IF" condition="'${expected}' == 'required' or '${expected}' == 'invalid'">
<kw name="Should Not Be Empty" owner="BuiltIn">
<arg>${message}</arg>
<doc>Verifies that the given item is not empty.</doc>
<status status="NOT RUN" start="2026-05-10T16:00:57.847703" elapsed="0.000228"/>
</kw>
<status status="NOT RUN" start="2026-05-10T16:00:57.846560" elapsed="0.001952"/>
</branch>
<branch type="ELSE">
<kw name="Should Contain" owner="BuiltIn">
<arg>${message}</arg>
<arg>${expected}</arg>
<doc>Fails if ``container`` does not contain ``item`` one or more times.</doc>
<status status="PASS" start="2026-05-10T16:00:57.849461" elapsed="0.001137"/>
</kw>
<status status="PASS" start="2026-05-10T16:00:57.848968" elapsed="0.002116"/>
</branch>
<status status="PASS" start="2026-05-10T16:00:57.846447" elapsed="0.005298"/>
</if>
<kw name="Step Log" owner="allure_helper">
<arg>Validation message verified.</arg>
<status status="PASS" start="2026-05-10T16:00:57.852202" elapsed="0.000778"/>
</kw>
<arg>Please fill out this field.</arg>
<doc>Verify the validation message for required fields or invalid input.</doc>
<status status="PASS" start="2026-05-10T16:00:57.800328" elapsed="0.053272"/>
</kw>
<kw name="Run Keywords" owner="BuiltIn" type="TEARDOWN">
<kw name="Run Keyword If Test Failed" owner="BuiltIn">
<arg>Handle Test Failure</arg>
<doc>Runs the given keyword with the given arguments, if the test failed.</doc>
<status status="PASS" start="2026-05-10T16:00:57.857034" elapsed="0.000997"/>
</kw>
<kw name="Close Browser Suite" owner="base_test">
<kw name="Log Info" owner="logger">
<msg time="2026-05-10T16:00:57.860633" level="INFO">Close browser</msg>
<msg time="2026-05-10T16:00:57.860769" level="INFO">Close browser</msg>
<arg>Close browser</arg>
<status status="PASS" start="2026-05-10T16:00:57.859915" elapsed="0.001009"/>
</kw>
<kw name="Step Log" owner="allure_helper">
<arg>Close browser</arg>
<status status="PASS" start="2026-05-10T16:00:57.862834" elapsed="0.000537"/>
</kw>
<kw name="Close All Browsers" owner="SeleniumLibrary">
<doc>Closes all open browsers and resets the browser cache.</doc>
<status status="PASS" start="2026-05-10T16:00:57.863932" elapsed="2.270361"/>
</kw>
<status status="PASS" start="2026-05-10T16:00:57.859013" elapsed="2.275700"/>
</kw>
<arg>Run Keyword If Test Failed</arg>
<arg>Handle Test Failure</arg>
<arg>AND</arg>
<arg>Close Browser Suite</arg>
<doc>Executes all the given keywords in a sequence.</doc>
<status status="PASS" start="2026-05-10T16:00:57.855300" elapsed="2.279624"/>
</kw>
<doc>Auto generated from AI flow</doc>
<status status="PASS" start="2026-05-10T16:00:51.560590" elapsed="8.574940"/>
</test>
<test id="s1-t5" name="login Auto Test 5" line="42">
<kw name="Open Browser Suite" owner="base_test" type="SETUP">
<kw name="Init Logger" owner="logger">
<arg>${feature}</arg>
<status status="PASS" start="2026-05-10T16:01:00.143483" elapsed="0.000620"/>
</kw>
<kw name="Open Browser" owner="SeleniumLibrary">
<msg time="2026-05-10T16:01:00.145012" level="INFO">Opening browser 'edge' to base url 'about:blank'.</msg>
<arg>about:blank</arg>
<arg>edge</arg>
<doc>Opens a new browser instance to the optional ``url``.</doc>
<status status="PASS" start="2026-05-10T16:01:00.144791" elapsed="0.716387"/>
</kw>
<kw name="Maximize Browser Window" owner="SeleniumLibrary">
<doc>Maximizes current browser window.</doc>
<status status="PASS" start="2026-05-10T16:01:00.862382" elapsed="0.031948"/>
</kw>
<kw name="Log Info" owner="logger">
<msg time="2026-05-10T16:01:00.895158" level="INFO">================================</msg>
<msg time="2026-05-10T16:01:00.895222" level="INFO">================================</msg>
<arg>================================</arg>
<status status="PASS" start="2026-05-10T16:01:00.894768" elapsed="0.000527"/>
</kw>
<kw name="Log Info" owner="logger">
<msg time="2026-05-10T16:01:00.896493" level="INFO">Browser opened</msg>
<msg time="2026-05-10T16:01:00.896553" level="INFO">Browser opened</msg>
<arg>Browser opened</arg>
<status status="PASS" start="2026-05-10T16:01:00.896160" elapsed="0.000461"/>
</kw>
<kw name="Step Log" owner="allure_helper">
<arg>Browser opened</arg>
<status status="PASS" start="2026-05-10T16:01:00.897591" elapsed="0.002364"/>
</kw>
<arg>Login Feature</arg>
<status status="PASS" start="2026-05-10T16:01:00.142968" elapsed="0.757283"/>
</kw>
<kw name="Login To System" owner="login_business">
<kw name="Open Page" owner="common_keywords">
<kw name="Log Info" owner="logger">
<msg time="2026-05-10T16:01:00.902735" level="INFO">[STEP] Opening page: https://ella.vn/</msg>
<msg time="2026-05-10T16:01:00.902829" level="INFO">[STEP] Opening page: https://ella.vn/</msg>
<arg>[STEP]</arg>
<arg>Opening page: ${url}</arg>
<status status="PASS" start="2026-05-10T16:01:00.902206" elapsed="0.000717"/>
</kw>
<kw name="Step Log" owner="allure_helper">
<arg>Opening page: ${url}</arg>
<status status="PASS" start="2026-05-10T16:01:00.905045" elapsed="0.000922"/>
</kw>
<kw name="Go To" owner="SeleniumLibrary">
<msg time="2026-05-10T16:01:00.907136" level="INFO">Opening url 'https://ella.vn/'</msg>
<arg>${url}</arg>
<doc>Navigates the current browser window to the provided ``url``.</doc>
<status status="PASS" start="2026-05-10T16:01:00.906608" elapsed="1.497333"/>
</kw>
<kw name="Wait Until Page Contains Element" owner="SeleniumLibrary">
<arg>//body</arg>
<arg>10s</arg>
<doc>Waits until the element ``locator`` appears on the current page.</doc>
<status status="PASS" start="2026-05-10T16:01:02.405136" elapsed="0.017651"/>
</kw>
<arg>${URL}</arg>
<doc>Open a web page with the specified URL.</doc>
<status status="PASS" start="2026-05-10T16:01:00.901720" elapsed="1.521360"/>
</kw>
<kw name="Click On Element" owner="common_keywords">
<kw name="Log Info" owner="logger">
<msg time="2026-05-10T16:01:02.424235" level="INFO">[STEP] Click element xpath://div[@class='lf']//span[contains(text(),'Đăng nhập')]</msg>
<msg time="2026-05-10T16:01:02.424305" level="INFO">[STEP] Click element xpath://div[@class='lf']//span[contains(text(),'Đăng nhập')]</msg>
<arg>[STEP]</arg>
<arg>Click element ${locator}</arg>
<status status="PASS" start="2026-05-10T16:01:02.423837" elapsed="0.000543"/>
</kw>
<kw name="Step Log" owner="allure_helper">
<arg>Click element ${locator}</arg>
<status status="PASS" start="2026-05-10T16:01:02.425455" elapsed="0.000395"/>
</kw>
<kw name="Wait Until Element Visible Custom" owner="common_keywords">
<kw name="Log Info" owner="logger">
<msg time="2026-05-10T16:01:02.427164" level="INFO">[STEP] Wait until element xpath://div[@class='lf']//span[contains(text(),'Đăng nhập')] is visible with timeout 10s</msg>
<msg time="2026-05-10T16:01:02.427235" level="INFO">[STEP] Wait until element xpath://div[@class='lf']//span[contains(text(),'Đăng nhập')] is visible with timeout 10s</msg>
<arg>[STEP]</arg>
<arg>Wait until element ${locator} is visible with timeout ${timeout}</arg>
<status status="PASS" start="2026-05-10T16:01:02.426740" elapsed="0.000572"/>
</kw>
<kw name="Step Log" owner="allure_helper">
<arg>Wait until element ${locator} is visible with timeout ${timeout}</arg>
<status status="PASS" start="2026-05-10T16:01:02.428243" elapsed="0.000362"/>
</kw>
<kw name="Wait Until Element Is Visible" owner="SeleniumLibrary">
<arg>${locator}</arg>
<arg>${timeout}</arg>
<doc>Waits until the element ``locator`` is visible.</doc>
<status status="PASS" start="2026-05-10T16:01:02.428926" elapsed="0.057970"/>
</kw>
<arg>${locator}</arg>
<arg>10s</arg>
<doc>Wait until the specified element is visible on the page.</doc>
<status status="PASS" start="2026-05-10T16:01:02.426255" elapsed="0.060975"/>
</kw>
<kw name="Click Element" owner="SeleniumLibrary">
<msg time="2026-05-10T16:01:02.487792" level="INFO">Clicking element 'xpath://div[@class='lf']//span[contains(text(),'Đăng nhập')]'.</msg>
<arg>${locator}</arg>
<doc>Click the element identified by ``locator``.</doc>
<status status="PASS" start="2026-05-10T16:01:02.487523" elapsed="0.107212"/>
</kw>
<arg>${LOGIN_URL}</arg>
<doc>Click on a specified element.</doc>
<status status="PASS" start="2026-05-10T16:01:02.423406" elapsed="0.172833"/>
</kw>
<kw name="Input Text To Element" owner="common_keywords">
<kw name="Log Info" owner="logger">
<msg time="2026-05-10T16:01:02.598031" level="INFO">[STEP] Input text "ngvanhoan@gmail.com" to element css:input[placeholder='Email']</msg>
<msg time="2026-05-10T16:01:02.598158" level="INFO">[STEP] Input text "ngvanhoan@gmail.com" to element css:input[placeholder='Email']</msg>
<arg>[STEP]</arg>
<arg>Input text "${text}" to element ${locator}</arg>
<status status="PASS" start="2026-05-10T16:01:02.597212" elapsed="0.001100"/>
</kw>
<kw name="Step Log" owner="allure_helper">
<arg>Input text "${text}" to element ${locator}</arg>
<status status="PASS" start="2026-05-10T16:01:02.600273" elapsed="0.000786"/>
</kw>
<kw name="Wait Until Element Visible Custom" owner="common_keywords">
<kw name="Log Info" owner="logger">
<msg time="2026-05-10T16:01:02.603392" level="INFO">[STEP] Wait until element css:input[placeholder='Email'] is visible with timeout 10s</msg>
<msg time="2026-05-10T16:01:02.603449" level="INFO">[STEP] Wait until element css:input[placeholder='Email'] is visible with timeout 10s</msg>
<arg>[STEP]</arg>
<arg>Wait until element ${locator} is visible with timeout ${timeout}</arg>
<status status="PASS" start="2026-05-10T16:01:02.602620" elapsed="0.000909"/>
</kw>
<kw name="Step Log" owner="allure_helper">
<arg>Wait until element ${locator} is visible with timeout ${timeout}</arg>
<status status="PASS" start="2026-05-10T16:01:02.604822" elapsed="0.000583"/>
</kw>
<kw name="Wait Until Element Is Visible" owner="SeleniumLibrary">
<arg>${locator}</arg>
<arg>${timeout}</arg>
<doc>Waits until the element ``locator`` is visible.</doc>
<status status="PASS" start="2026-05-10T16:01:02.605877" elapsed="0.663715"/>
</kw>
<arg>${locator}</arg>
<arg>10s</arg>
<doc>Wait until the specified element is visible on the page.</doc>
<status status="PASS" start="2026-05-10T16:01:02.601666" elapsed="0.668363"/>
</kw>
<kw name="Clear Element Text" owner="SeleniumLibrary">
<arg>${locator}</arg>
<doc>Clears the value of the text-input-element identified by ``locator``.</doc>
<status status="PASS" start="2026-05-10T16:01:03.270422" elapsed="0.055858"/>
</kw>
<kw name="Input Text" owner="SeleniumLibrary">
<msg time="2026-05-10T16:01:03.327674" level="INFO">Typing text 'ngvanhoan@gmail.com' into text field 'css:input[placeholder='Email']'.</msg>
<arg>${locator}</arg>
<arg>${text}</arg>
<doc>Types the given ``text`` into the text field identified by ``locator``.</doc>
<status status="PASS" start="2026-05-10T16:01:03.327020" elapsed="0.154576"/>
</kw>
<arg>${EMAIL_INPUT}</arg>
<arg>${email}</arg>
<doc>Input text into a specified element.</doc>
<status status="PASS" start="2026-05-10T16:01:02.596619" elapsed="0.885864"/>
</kw>
<kw name="Input Text To Element" owner="common_keywords">
<kw name="Log Info" owner="logger">
<msg time="2026-05-10T16:01:03.485073" level="INFO">[STEP] Input text "ngvanhoan" to element css:input[placeholder='Password']</msg>
<msg time="2026-05-10T16:01:03.485245" level="INFO">[STEP] Input text "ngvanhoan" to element css:input[placeholder='Password']</msg>
<arg>[STEP]</arg>
<arg>Input text "${text}" to element ${locator}</arg>
<status status="PASS" start="2026-05-10T16:01:03.483943" elapsed="0.001501"/>
</kw>
<kw name="Step Log" owner="allure_helper">
<arg>Input text "${text}" to element ${locator}</arg>
<status status="PASS" start="2026-05-10T16:01:03.489474" elapsed="0.001004"/>
</kw>
<kw name="Wait Until Element Visible Custom" owner="common_keywords">
<kw name="Log Info" owner="logger">
<msg time="2026-05-10T16:01:03.493119" level="INFO">[STEP] Wait until element css:input[placeholder='Password'] is visible with timeout 10s</msg>
<msg time="2026-05-10T16:01:03.493250" level="INFO">[STEP] Wait until element css:input[placeholder='Password'] is visible with timeout 10s</msg>
<arg>[STEP]</arg>
<arg>Wait until element ${locator} is visible with timeout ${timeout}</arg>
<status status="PASS" start="2026-05-10T16:01:03.492321" elapsed="0.001084"/>
</kw>
<kw name="Step Log" owner="allure_helper">
<arg>Wait until element ${locator} is visible with timeout ${timeout}</arg>
<status status="PASS" start="2026-05-10T16:01:03.495333" elapsed="0.000750"/>
</kw>
<kw name="Wait Until Element Is Visible" owner="SeleniumLibrary">
<arg>${locator}</arg>
<arg>${timeout}</arg>
<doc>Waits until the element ``locator`` is visible.</doc>
<status status="PASS" start="2026-05-10T16:01:03.496763" elapsed="0.042845"/>
</kw>
<arg>${locator}</arg>
<arg>10s</arg>
<doc>Wait until the specified element is visible on the page.</doc>
<status status="PASS" start="2026-05-10T16:01:03.491307" elapsed="0.048981"/>
</kw>
<kw name="Clear Element Text" owner="SeleniumLibrary">
<arg>${locator}</arg>
<doc>Clears the value of the text-input-element identified by ``locator``.</doc>
<status status="PASS" start="2026-05-10T16:01:03.540939" elapsed="0.057802"/>
</kw>
<kw name="Input Text" owner="SeleniumLibrary">
<msg time="2026-05-10T16:01:03.599948" level="INFO">Typing text 'ngvanhoan' into text field 'css:input[placeholder='Password']'.</msg>
<arg>${locator}</arg>
<arg>${text}</arg>
<doc>Types the given ``text`` into the text field identified by ``locator``.</doc>
<status status="PASS" start="2026-05-10T16:01:03.599386" elapsed="0.194989"/>
</kw>
<arg>${PASSWORD_INPUT}</arg>
<arg>${password}</arg>
<doc>Input text into a specified element.</doc>
<status status="PASS" start="2026-05-10T16:01:03.482856" elapsed="0.312675"/>
</kw>
<kw name="Click On Element" owner="common_keywords">
<kw name="Log Info" owner="logger">
<msg time="2026-05-10T16:01:03.797443" level="INFO">[STEP] Click element xpath://button[contains(text(),'Đăng nhập')]</msg>
<msg time="2026-05-10T16:01:03.797537" level="INFO">[STEP] Click element xpath://button[contains(text(),'Đăng nhập')]</msg>
<arg>[STEP]</arg>
<arg>Click element ${locator}</arg>
<status status="PASS" start="2026-05-10T16:01:03.796904" elapsed="0.000751"/>
</kw>
<kw name="Step Log" owner="allure_helper">
<arg>Click element ${locator}</arg>
<status status="PASS" start="2026-05-10T16:01:03.799016" elapsed="0.000440"/>
</kw>
<kw name="Wait Until Element Visible Custom" owner="common_keywords">
<kw name="Log Info" owner="logger">
<msg time="2026-05-10T16:01:03.800982" level="INFO">[STEP] Wait until element xpath://button[contains(text(),'Đăng nhập')] is visible with timeout 10s</msg>
<msg time="2026-05-10T16:01:03.801208" level="INFO">[STEP] Wait until element xpath://button[contains(text(),'Đăng nhập')] is visible with timeout 10s</msg>
<arg>[STEP]</arg>
<arg>Wait until element ${locator} is visible with timeout ${timeout}</arg>
<status status="PASS" start="2026-05-10T16:01:03.800476" elapsed="0.000899"/>
</kw>
<kw name="Step Log" owner="allure_helper">
<arg>Wait until element ${locator} is visible with timeout ${timeout}</arg>
<status status="PASS" start="2026-05-10T16:01:03.804356" elapsed="0.001002"/>
</kw>
<kw name="Wait Until Element Is Visible" owner="SeleniumLibrary">
<arg>${locator}</arg>
<arg>${timeout}</arg>
<doc>Waits until the element ``locator`` is visible.</doc>
<status status="PASS" start="2026-05-10T16:01:03.805864" elapsed="0.033724"/>
</kw>
<arg>${locator}</arg>
<arg>10s</arg>
<doc>Wait until the specified element is visible on the page.</doc>
<status status="PASS" start="2026-05-10T16:01:03.799909" elapsed="0.040508"/>
</kw>
<kw name="Click Element" owner="SeleniumLibrary">
<msg time="2026-05-10T16:01:03.842071" level="INFO">Clicking element 'xpath://button[contains(text(),'Đăng nhập')]'.</msg>
<arg>${locator}</arg>
<doc>Click the element identified by ``locator``.</doc>
<status status="PASS" start="2026-05-10T16:01:03.841310" elapsed="0.197009"/>
</kw>
<arg>${LOGIN_BTN}</arg>
<doc>Click on a specified element.</doc>
<status status="PASS" start="2026-05-10T16:01:03.796200" elapsed="0.243666"/>
</kw>
<kw name="Sleep" owner="BuiltIn">
<msg time="2026-05-10T16:01:06.042162" level="INFO">Slept 2 seconds.</msg>
<arg>2s</arg>
<doc>Pauses the test executed for the given time.</doc>
<status status="PASS" start="2026-05-10T16:01:04.040660" elapsed="2.001861"/>
</kw>
<arg>ngvanhoan@gmail.com</arg>
<arg>ngvanhoan</arg>
<doc>Perform login action</doc>
<status status="PASS" start="2026-05-10T16:01:00.901047" elapsed="5.144173"/>
</kw>
<kw name="Select Product From Result" owner="search_business">
<kw name="Get WebElements" owner="SeleniumLibrary">
<msg time="2026-05-10T16:01:06.103121" level="INFO">${elements} = [&lt;selenium.webdriver.remote.webelement.WebElement (session="72c4ef8261a78577cfd6e6cab494a944", element="f.BDFE4F7D4ACC254B28A468DAB9903E81.d.571B38D09CDFFC3E923EE38C6AF8C57C.e.3528")&gt;, &lt;selenium.webdr...</msg>
<var>${elements}</var>
<arg>${PRODUCT_ITEMS}</arg>
<doc>Returns a list of WebElement objects matching the ``locator``.</doc>
<status status="PASS" start="2026-05-10T16:01:06.048133" elapsed="0.055211"/>
</kw>
<kw name="Should Not Be Empty" owner="BuiltIn">
<msg time="2026-05-10T16:01:06.107525" level="INFO">Length is 36.</msg>
<arg>${elements}</arg>
<doc>Verifies that the given item is not empty.</doc>
<status status="PASS" start="2026-05-10T16:01:06.106329" elapsed="0.001352"/>
</kw>
<kw name="Scroll Element Into View" owner="SeleniumLibrary">
<arg>${elements}[${index}]</arg>
<doc>Scrolls the element identified by ``locator`` into view.</doc>
<status status="PASS" start="2026-05-10T16:01:06.109037" elapsed="1.483038"/>
</kw>
<kw name="Click On Element" owner="common_keywords">
<kw name="Log Info" owner="logger">
<msg time="2026-05-10T16:01:07.593694" level="INFO">[STEP] Click element &lt;selenium.webdriver.remote.webelement.WebElement (session="72c4ef8261a78577cfd6e6cab494a944", element="f.BDFE4F7D4ACC254B28A468DAB9903E81.d.571B38D09CDFFC3E923EE38C6AF8C57C.e.3528")&gt;</msg>
<msg time="2026-05-10T16:01:07.593806" level="INFO">[STEP] Click element &lt;selenium.webdriver.remote.webelement.WebElement (session="72c4ef8261a78577cfd6e6cab494a944", element="f.BDFE4F7D4ACC254B28A468DAB9903E81.d.571B38D09CDFFC3E923EE38C6AF8C57C.e.3528")&gt;</msg>
<arg>[STEP]</arg>
<arg>Click element ${locator}</arg>
<status status="PASS" start="2026-05-10T16:01:07.593101" elapsed="0.000809"/>
</kw>
<kw name="Step Log" owner="allure_helper">
<arg>Click element ${locator}</arg>
<status status="PASS" start="2026-05-10T16:01:07.595114" elapsed="0.000548"/>
</kw>
<kw name="Wait Until Element Visible Custom" owner="common_keywords">
<kw name="Log Info" owner="logger">
<msg time="2026-05-10T16:01:07.597483" level="INFO">[STEP] Wait until element &lt;selenium.webdriver.remote.webelement.WebElement (session="72c4ef8261a78577cfd6e6cab494a944", element="f.BDFE4F7D4ACC254B28A468DAB9903E81.d.571B38D09CDFFC3E923EE38C6AF8C57C.e.3528")&gt; is visible with timeout 10s</msg>
<msg time="2026-05-10T16:01:07.597627" level="INFO">[STEP] Wait until element &lt;selenium.webdriver.remote.webelement.WebElement (session="72c4ef8261a78577cfd6e6cab494a944", element="f.BDFE4F7D4ACC254B28A468DAB9903E81.d.571B38D09CDFFC3E923EE38C6AF8C57C.e.3528")&gt; is visible with timeout 10s</msg>
<arg>[STEP]</arg>
<arg>Wait until element ${locator} is visible with timeout ${timeout}</arg>
<status status="PASS" start="2026-05-10T16:01:07.596896" elapsed="0.000906"/>
</kw>
<kw name="Step Log" owner="allure_helper">
<arg>Wait until element ${locator} is visible with timeout ${timeout}</arg>
<status status="PASS" start="2026-05-10T16:01:07.599157" elapsed="0.000431"/>
</kw>
<kw name="Wait Until Element Is Visible" owner="SeleniumLibrary">
<arg>${locator}</arg>
<arg>${timeout}</arg>
<doc>Waits until the element ``locator`` is visible.</doc>
<status status="PASS" start="2026-05-10T16:01:07.600015" elapsed="0.011031"/>
</kw>
<arg>${locator}</arg>
<arg>10s</arg>
<doc>Wait until the specified element is visible on the page.</doc>
<status status="PASS" start="2026-05-10T16:01:07.596255" elapsed="0.015311"/>
</kw>
<kw name="Click Element" owner="SeleniumLibrary">
<msg time="2026-05-10T16:01:07.612607" level="INFO">Clicking element '&lt;selenium.webdriver.remote.webelement.WebElement (session="72c4ef8261a78577cfd6e6cab494a944", element="f.BDFE4F7D4ACC254B28A468DAB9903E81.d.571B38D09CDFFC3E923EE38C6AF8C57C.e.3528")&gt;'.</msg>
<arg>${locator}</arg>
<doc>Click the element identified by ``locator``.</doc>
<status status="PASS" start="2026-05-10T16:01:07.612119" elapsed="0.626339"/>
</kw>
<arg>${elements}[${index}]</arg>
<doc>Click on a specified element.</doc>
<status status="PASS" start="2026-05-10T16:01:07.592594" elapsed="0.648342"/>
</kw>
<arg>0</arg>
<doc>Select a product from the search results based on the given index</doc>
<status status="PASS" start="2026-05-10T16:01:06.046900" elapsed="2.194795"/>
</kw>
<kw name="Verify Element Text Contains" owner="verify">
<kw name="Wait Until Element Is Visible" owner="SeleniumLibrary">
<arg>${locator}</arg>
<arg>10s</arg>
<doc>Waits until the element ``locator`` is visible.</doc>
<status status="PASS" start="2026-05-10T16:01:08.244036" elapsed="0.066544"/>
</kw>
<kw name="Wait Until Element Contains" owner="SeleniumLibrary">
<arg>${locator}</arg>
<arg>${expected}</arg>
<arg>3s</arg>
<doc>Waits until the element ``locator`` contains ``text``.</doc>
<status status="PASS" start="2026-05-10T16:01:08.311363" elapsed="0.076720"/>
</kw>
<kw name="Get Text" owner="SeleniumLibrary">
<msg time="2026-05-10T16:01:08.429447" level="INFO">${text} = Tài khoản</msg>
<var>${text}</var>
<arg>${locator}</arg>
<doc>Returns the text value of the element identified by ``locator``.</doc>
<status status="PASS" start="2026-05-10T16:01:08.388979" elapsed="0.040606"/>
</kw>
<kw name="Log Info" owner="logger">
<msg time="2026-05-10T16:01:08.434044" level="INFO">[STEP] Text: Tài khoản</msg>
<msg time="2026-05-10T16:01:08.434243" level="INFO">[STEP] Text: Tài khoản</msg>
<arg>[STEP] Text: ${text}</arg>
<status status="PASS" start="2026-05-10T16:01:08.433184" elapsed="0.001331"/>
</kw>
<kw name="Log Info" owner="logger">
<msg time="2026-05-10T16:01:08.438844" level="INFO">[STEP] Expected: Tài khoản</msg>
<msg time="2026-05-10T16:01:08.439026" level="INFO">[STEP] Expected: Tài khoản</msg>
<arg>[STEP]</arg>
<arg>Expected: ${expected}</arg>
<status status="PASS" start="2026-05-10T16:01:08.437738" elapsed="0.001578"/>
</kw>
<kw name="Should Contain" owner="BuiltIn">
<arg>${text}</arg>
<arg>${expected}</arg>
<doc>Fails if ``container`` does not contain ``item`` one or more times.</doc>
<status status="PASS" start="2026-05-10T16:01:08.441681" elapsed="0.001317"/>
</kw>
<kw name="Step Log" owner="allure_helper">
<arg>Element text verified.</arg>
<status status="PASS" start="2026-05-10T16:01:08.443660" elapsed="0.000533"/>
</kw>
<arg>${ACCOUNT_PAGE}</arg>
<arg>Tài khoản</arg>
<doc>Verify that the text of the element located by the given locator contains the expected text.</doc>
<status status="PASS" start="2026-05-10T16:01:08.242993" elapsed="0.201685"/>
</kw>
<kw name="Verify Page Contains Element" owner="verify">
<kw name="Wait Until Page Contains Element" owner="SeleniumLibrary">
<arg>${locator}</arg>
<arg>10s</arg>
<doc>Waits until the element ``locator`` appears on the current page.</doc>
<status status="PASS" start="2026-05-10T16:01:08.446776" elapsed="0.034662"/>
</kw>
<kw name="Log Info" owner="logger">
<msg time="2026-05-10T16:01:08.482901" level="INFO">[STEP] Element located by: xpath://div[@class='lf']//span[contains(text(),'Thoát')] is present on the page.</msg>
<msg time="2026-05-10T16:01:08.483019" level="INFO">[STEP] Element located by: xpath://div[@class='lf']//span[contains(text(),'Thoát')] is present on the page.</msg>
<arg>[STEP]</arg>
<arg>Element located by: ${locator} is present on the page.</arg>
<status status="PASS" start="2026-05-10T16:01:08.482171" elapsed="0.000979"/>
</kw>
<kw name="Step Log" owner="allure_helper">
<arg>Element located by: ${locator} is present on the page.</arg>
<status status="PASS" start="2026-05-10T16:01:08.485738" elapsed="0.002304"/>
</kw>
<arg>${LOGOUT_BTN}</arg>
<doc>Verify that the page contains the specified element.</doc>
<status status="PASS" start="2026-05-10T16:01:08.445786" elapsed="0.042869"/>
</kw>
<kw name="Run Keywords" owner="BuiltIn" type="TEARDOWN">
<kw name="Run Keyword If Test Failed" owner="BuiltIn">
<arg>Handle Test Failure</arg>
<doc>Runs the given keyword with the given arguments, if the test failed.</doc>
<status status="PASS" start="2026-05-10T16:01:08.491722" elapsed="0.000619"/>
</kw>
<kw name="Close Browser Suite" owner="base_test">
<kw name="Log Info" owner="logger">
<msg time="2026-05-10T16:01:08.494346" level="INFO">Close browser</msg>
<msg time="2026-05-10T16:01:08.494455" level="INFO">Close browser</msg>
<arg>Close browser</arg>
<status status="PASS" start="2026-05-10T16:01:08.493812" elapsed="0.000774"/>
</kw>
<kw name="Step Log" owner="allure_helper">
<arg>Close browser</arg>
<status status="PASS" start="2026-05-10T16:01:08.498873" elapsed="0.000732"/>
</kw>
<kw name="Close All Browsers" owner="SeleniumLibrary">
<doc>Closes all open browsers and resets the browser cache.</doc>
<status status="PASS" start="2026-05-10T16:01:08.500248" elapsed="2.315096"/>
</kw>
<status status="PASS" start="2026-05-10T16:01:08.493083" elapsed="2.323134"/>
</kw>
<arg>Run Keyword If Test Failed</arg>
<arg>Handle Test Failure</arg>
<arg>AND</arg>
<arg>Close Browser Suite</arg>
<doc>Executes all the given keywords in a sequence.</doc>
<status status="PASS" start="2026-05-10T16:01:08.490374" elapsed="2.326438"/>
</kw>
<doc>Auto generated from AI flow</doc>
<status status="PASS" start="2026-05-10T16:01:00.141669" elapsed="10.676430"/>
</test>
<status status="PASS" start="2026-05-10T16:00:26.409443" elapsed="44.413505"/>
</suite>
<statistics>
<total>
<stat pass="5" fail="0" skip="0">All Tests</stat>
</total>
<tag>
</tag>
<suite>
<stat name="Login Auto 20260510 150439" id="s1" pass="5" fail="0" skip="0">Login Auto 20260510 150439</stat>
</suite>
</statistics>
<errors>
</errors>
</robot>
